[2017-12-22 15:14:10.145][debug][command:null][tid:478][com.facebook.buck.cli.Main] Starting up (build date 2017-11-17 08:34:27 +0800, rev v2017.11.16.01), args: [buid, :app]
[2017-12-22 15:14:10.159][debug][command:null][tid:478][com.facebook.buck.cli.Main] System properties: {java.vendor=Oracle Corporation, sun.java.launcher=SUN_STANDARD, sun.management.compiler=HotSpot 64-Bit Tiered Compilers, jnidispatch.path=/Users/remirobert/dev/Dog-project/.buckd/tmp/buck_run.On_K6F/jna--36351663/jna6844077100917419115.tmp, os.name=Mac OS X, buck.enable_objc=true, sun.boot.class.path=/Library/Java/JavaVirtualMachines/jdk1.8.0_152.jdk/Contents/Home/jre/lib/resources.jar:/Library/Java/JavaVirtualMachines/jdk1.8.0_152.jdk/Contents/Home/jre/lib/rt.jar:/Library/Java/JavaVirtualMachines/jdk1.8.0_152.jdk/Contents/Home/jre/lib/sunrsasign.jar:/Library/Java/JavaVirtualMachines/jdk1.8.0_152.jdk/Contents/Home/jre/lib/jsse.jar:/Library/Java/JavaVirtualMachines/jdk1.8.0_152.jdk/Contents/Home/jre/lib/jce.jar:/Library/Java/JavaVirtualMachines/jdk1.8.0_152.jdk/Contents/Home/jre/lib/charsets.jar:/Library/Java/JavaVirtualMachines/jdk1.8.0_152.jdk/Contents/Home/jre/lib/jfr.jar:/Library/Java/JavaVirtualMachines/jdk1.8.0_152.jdk/Contents/Home/jre/classes, pf4j.pluginsDir=/Users/remirobert/dev/Dog-project/.buckd/resources/v2017.11.16.01/buck-modules, buck.resource_lock_path=/Users/remirobert/dev/Dog-project/.buckd/resources/v2017.11.16.01/.buck_lock, java.vm.specification.vendor=Oracle Corporation, java.runtime.version=1.8.0_152-b16, jna.loaded=true, buck.testrunner_classes=/Users/remirobert/dev/Dog-project/.buckd/resources/v2017.11.16.01/testrunner_classes, buck.logging_config_file=/Users/remirobert/dev/Dog-project/.buckd/resources/v2017.11.16.01/logging_config_file, buck.path_to_sh_binary_template=/Users/remirobert/dev/Dog-project/.buckd/resources/v2017.11.16.01/path_to_sh_binary_template, user.name=remirobert, socksProxyHost=127.0.0.1, buck.path_to_pywatchman=/Users/remirobert/dev/Dog-project/.buckd/resources/v2017.11.16.01/path_to_pywatchman, buck.report_generator_jar=/Users/remirobert/dev/Dog-project/.buckd/resources/v2017.11.16.01/report_generator_jar, buck.git_commit=v2017.11.16.01, user.language=en, sun.boot.library.path=/Library/Java/JavaVirtualMachines/jdk1.8.0_152.jdk/Contents/Home/jre/lib, java.version=1.8.0_152, user.timezone=Asia/Shanghai, buck.test_util_no_tests_dir=true, sun.arch.data.model=64, http.nonProxyHosts=127.0.0.1|localhost|*.localhost|192.168.0.0/16|*.192.168.0.0/16|10.0.0.0/8|*.10.0.0.0/8, java.endorsed.dirs=/Library/Java/JavaVirtualMachines/jdk1.8.0_152.jdk/Contents/Home/jre/lib/endorsed, sun.cpu.isalist=, sun.jnu.encoding=UTF-8, file.encoding.pkg=sun.io, file.separator=/, java.specification.name=Java Platform API Specification, buck.jacoco_agent_jar=/Users/remirobert/dev/Dog-project/.buckd/resources/v2017.11.16.01/jacoco_agent_jar, java.class.version=52.0, user.country=FR, buck.binary_hash=63c9781095d8ee3e98baa3f5efe2d99c, java.home=/Library/Java/JavaVirtualMachines/jdk1.8.0_152.jdk/Contents/Home/jre, buck.fix_script=/Users/remirobert/dev/Dog-project/.buckd/resources/v2017.11.16.01/fix_script, java.vm.info=mixed mode, os.version=10.13.2, buck.external_executor_jar=/Users/remirobert/dev/Dog-project/.buckd/resources/v2017.11.16.01/external_executor_jar, buck.version_uid=v2017.11.16.01, org.eclipse.jetty.util.log.class=org.eclipse.jetty.util.log.JavaUtilLog, path.separator=:, java.vm.version=25.152-b16, java.awt.printerjob=sun.lwawt.macosx.CPrinterJob, sun.io.unicode.encoding=UnicodeBig, awt.toolkit=sun.lwawt.macosx.LWCToolkit, buck.buck_build_type_info=/Users/remirobert/dev/Dog-project/.buckd/resources/v2017.11.16.01/buck_build_type_info, socksNonProxyHosts=127.0.0.1|localhost|*.localhost|192.168.0.0/16|*.192.168.0.0/16|10.0.0.0/8|*.10.0.0.0/8, ftp.nonProxyHosts=127.0.0.1|localhost|*.localhost|192.168.0.0/16|*.192.168.0.0/16|10.0.0.0/8|*.10.0.0.0/8, buck.dx=/Users/remirobert/dev/Dog-project/.buckd/resources/v2017.11.16.01/dx, buck.git_commit_timestamp=1510878867, user.home=/Users/remirobert, socksProxyPort=1086, java.specification.vendor=Oracle Corporation, buck.git_dirty=0, java.library.path=/Users/remirobert/dev/Dog-project/.buckd/resources/v2017.11.16.01, java.vendor.url=http://java.oracle.com/, java.vm.vendor=Oracle Corporation, gopherProxySet=false, java.runtime.name=Java(TM) SE Runtime Environment, sun.java.command=com.facebook.buck.cli.bootstrapper.ClassLoaderBootstrapper com.facebook.buck.cli.Main$DaemonBootstrap local:.buckd/sock 120000, java.class.path=/Users/remirobert/dev/Dog-project/.buckd/resources/v2017.11.16.01/bootstrapper_jar, buck.buckd_dir=/Users/remirobert/dev/Dog-project/.buckd, buck.path_to_pathlib_py=/Users/remirobert/dev/Dog-project/.buckd/resources/v2017.11.16.01/pathlib.py, buck.buckd_launch_time_nanos=128610981335429, java.vm.specification.name=Java Virtual Machine Specification, com.martiansoftware.nailgun.NGServer.outputPath=/Users/remirobert/dev/Dog-project/.buckd/tmp/buck_run.On_K6F/ngserver-out, java.vm.specification.version=1.8, sun.cpu.endian=little, buck.path_to_rawmanifest_py=/Users/remirobert/dev/Dog-project/.buckd/resources/v2017.11.16.01/rawmanifest.py, sun.os.patch.level=unknown, java.awt.headless=true, java.io.tmpdir=/Users/remirobert/dev/Dog-project/.buckd/tmp/buck_run.On_K6F, buck.android_agent_path=/Users/remirobert/dev/Dog-project/.buckd/resources/v2017.11.16.01/android_agent_path, java.vendor.url.bug=http://bugreport.sun.com/bugreport/, buck.path_to_python_dsl=, jna.platform.library.path=/usr/lib:/usr/lib, os.arch=x86_64, java.awt.graphicsenv=sun.awt.CGraphicsEnvironment, buck.path_to_pex=/Users/remirobert/dev/Dog-project/.buckd/resources/v2017.11.16.01/path_to_pex, java.ext.dirs=/Users/remirobert/Library/Java/Extensions:/Library/Java/JavaVirtualMachines/jdk1.8.0_152.jdk/Contents/Home/jre/lib/ext:/Library/Java/Extensions:/Network/Library/Java/Extensions:/System/Library/Java/Extensions:/usr/lib/java, java.util.logging.config.class=com.facebook.buck.cli.bootstrapper.LogConfig, user.dir=/Users/remirobert/dev/Dog-project, line.separator=
, java.vm.name=Java HotSpot(TM) 64-Bit Server VM, buck.path_to_typing=/Users/remirobert/dev/Dog-project/.buckd/resources/v2017.11.16.01/path_to_typing, buck.native_exopackage_fake_path=/Users/remirobert/dev/Dog-project/.buckd/resources/v2017.11.16.01/native_exopackage_fake_path, file.encoding=UTF-8, java.specification.version=1.8}
[2017-12-22 15:14:10.161][info ][command:null][tid:478][org.pf4j.DefaultPluginStatusProvider] Enabled plugins: []
[2017-12-22 15:14:10.163][info ][command:null][tid:478][org.pf4j.DefaultPluginStatusProvider] Disabled plugins: []
[2017-12-22 15:14:10.164][info ][command:null][tid:478][org.pf4j.DefaultPluginManager] PF4J version 0.0.0 in 'deployment' mode
[2017-12-22 15:14:10.164][debug][command:null][tid:478][org.pf4j.AbstractPluginManager] Lookup plugins in '/Users/remirobert/dev/Dog-project/.buckd/resources/v2017.11.16.01/buck-modules'
[2017-12-22 15:14:10.166][debug][command:null][tid:478][org.pf4j.AbstractPluginManager] Found 1 possible plugins: [/Users/remirobert/dev/Dog-project/.buckd/resources/v2017.11.16.01/buck-modules/ziprules.jar]
[2017-12-22 15:14:10.166][debug][command:null][tid:478][org.pf4j.AbstractPluginManager] Use 'org.pf4j.CompoundPluginDescriptorFinder@15aaadba' to find plugins descriptors
[2017-12-22 15:14:10.166][debug][command:null][tid:478][org.pf4j.AbstractPluginManager] Finding plugin descriptor for plugin '/Users/remirobert/dev/Dog-project/.buckd/resources/v2017.11.16.01/buck-modules/ziprules.jar'
[2017-12-22 15:14:10.167][debug][command:null][tid:478][org.pf4j.CompoundPluginDescriptorFinder] 'org.pf4j.ManifestPluginDescriptorFinder@754c07ff' is applicable for plugin '/Users/remirobert/dev/Dog-project/.buckd/resources/v2017.11.16.01/buck-modules/ziprules.jar'
[2017-12-22 15:14:10.169][debug][command:null][tid:478][org.pf4j.AbstractPluginManager] Found descriptor PluginDescriptor [pluginId=com.facebook.buck.zip.ziprules, pluginClass=com.facebook.buck.zip.rules.ZipRulesModuleAdapterPlugin, version=0.0.1, provider=null, dependencies=[], description=, requires=*, license=null]
[2017-12-22 15:14:10.169][debug][command:null][tid:478][org.pf4j.AbstractPluginManager] Class 'com.facebook.buck.zip.rules.ZipRulesModuleAdapterPlugin' for plugin '/Users/remirobert/dev/Dog-project/.buckd/resources/v2017.11.16.01/buck-modules/ziprules.jar'
[2017-12-22 15:14:10.169][debug][command:null][tid:478][org.pf4j.AbstractPluginManager] Loading plugin '/Users/remirobert/dev/Dog-project/.buckd/resources/v2017.11.16.01/buck-modules/ziprules.jar'
[2017-12-22 15:14:10.170][debug][command:null][tid:478][org.pf4j.PluginClassLoader] Add 'file:/Users/remirobert/dev/Dog-project/.buckd/resources/v2017.11.16.01/buck-modules/ziprules.jar'
[2017-12-22 15:14:10.170][debug][command:null][tid:478][org.pf4j.AbstractPluginManager] Loaded plugin '/Users/remirobert/dev/Dog-project/.buckd/resources/v2017.11.16.01/buck-modules/ziprules.jar' with class loader 'org.pf4j.PluginClassLoader@11429cca'
[2017-12-22 15:14:10.170][debug][command:null][tid:478][org.pf4j.AbstractPluginManager] Creating wrapper for plugin '/Users/remirobert/dev/Dog-project/.buckd/resources/v2017.11.16.01/buck-modules/ziprules.jar'
[2017-12-22 15:14:10.175][debug][command:null][tid:478][org.pf4j.AbstractPluginManager] Created wrapper 'PluginWrapper [descriptor=PluginDescriptor [pluginId=com.facebook.buck.zip.ziprules, pluginClass=com.facebook.buck.zip.rules.ZipRulesModuleAdapterPlugin, version=0.0.1, provider=null, dependencies=[], description=, requires=*, license=null], pluginPath=/Users/remirobert/dev/Dog-project/.buckd/resources/v2017.11.16.01/buck-modules/ziprules.jar]' for plugin '/Users/remirobert/dev/Dog-project/.buckd/resources/v2017.11.16.01/buck-modules/ziprules.jar'
[2017-12-22 15:14:10.175][debug][command:null][tid:478][org.pf4j.DependencyResolver] Graph: 
   com.facebook.buck.zip.ziprules -> []
[2017-12-22 15:14:10.175][debug][command:null][tid:478][org.pf4j.DependencyResolver] Plugins order: [com.facebook.buck.zip.ziprules]
[2017-12-22 15:14:10.176][info ][command:null][tid:478][org.pf4j.AbstractPluginManager] Plugin 'com.facebook.buck.zip.ziprules@0.0.1' resolved
[2017-12-22 15:14:10.176][info ][command:null][tid:478][org.pf4j.AbstractPluginManager] Start plugin 'com.facebook.buck.zip.ziprules@0.0.1'
[2017-12-22 15:14:10.176][debug][command:null][tid:478][org.pf4j.DefaultExtensionFactory] Create instance for plugin 'com.facebook.buck.zip.rules.ZipRulesModuleAdapterPlugin'
[2017-12-22 15:14:10.182][debug][command:null][tid:478][com.facebook.buck.util.config.Configs] Loading configuration for /Users/remirobert/dev/Dog-project
[2017-12-22 15:14:10.190][debug][command:null][tid:478][com.facebook.buck.util.config.Configs] Loaded a configuration file /Users/remirobert/dev/Dog-project/.buckconfig: {apple={xctool_path=/usr/local/bin/xctool}, cache={mode=dir, dir_max_size=512MB}, cxx={cflags=-std=gnu11, cxxflags=-std=c++14 -stdlib=libc++, default_platform=iphonesimulator-x86_64, combined_preprocess_and_compile=true, compiler_flags=-DBUCK -whole-module-optimization -enable-testing -suppress-warnings}, project={ide=xcode, ignore=.git, .hg, .buckd}, swift={version=4.0}}
[2017-12-22 15:14:10.191][debug][command:null][tid:478][com.facebook.buck.util.config.Configs] Adding configuration overrides RawConfig{values={}}
[2017-12-22 15:14:10.194][debug][command:null][tid:478][com.facebook.buck.util.config.Configs] Loading configuration for /Users/remirobert/dev/Dog-project
[2017-12-22 15:14:10.194][debug][command:null][tid:478][com.facebook.buck.util.config.Configs] Loaded a configuration file /Users/remirobert/dev/Dog-project/.buckconfig: {apple={xctool_path=/usr/local/bin/xctool}, cache={mode=dir, dir_max_size=512MB}, cxx={cflags=-std=gnu11, cxxflags=-std=c++14 -stdlib=libc++, default_platform=iphonesimulator-x86_64, combined_preprocess_and_compile=true, compiler_flags=-DBUCK -whole-module-optimization -enable-testing -suppress-warnings}, project={ide=xcode, ignore=.git, .hg, .buckd}, swift={version=4.0}}
[2017-12-22 15:14:10.195][debug][command:null][tid:478][com.facebook.buck.util.config.Configs] Adding configuration overrides RawConfig{values={}}
[2017-12-22 15:14:10.221][debug][command:null][tid:478][com.facebook.buck.apple.AppleToolchainDiscovery] Searching for Xcode toolchains under /Applications/Xcode.app/Contents/Developer/Toolchains
[2017-12-22 15:14:10.221][debug][command:null][tid:478][com.facebook.buck.apple.AppleToolchainDiscovery] Searching for Xcode toolchains in /Applications/Xcode.app/Contents/Developer/Toolchains
[2017-12-22 15:14:10.221][debug][command:null][tid:478][com.facebook.buck.apple.AppleToolchainDiscovery] Getting identifier for for Xcode toolchain under /Applications/Xcode.app/Contents/Developer/Toolchains/XcodeDefault.xctoolchain
[2017-12-22 15:14:10.222][debug][command:null][tid:478][com.facebook.buck.apple.AppleToolchainDiscovery] Mapped SDK identifier com.apple.dt.toolchain.XcodeDefault to path /Applications/Xcode.app/Contents/Developer/Toolchains/XcodeDefault.xctoolchain
[2017-12-22 15:14:10.223][debug][command:null][tid:478][com.facebook.buck.apple.AppleSdkDiscovery] Searching for Xcode platforms under /Applications/Xcode.app/Contents/Developer/Platforms
[2017-12-22 15:14:10.223][debug][command:null][tid:478][com.facebook.buck.apple.AppleSdkDiscovery] Searching for Xcode SDKs in /Applications/Xcode.app/Contents/Developer/Platforms
[2017-12-22 15:14:10.223][debug][command:null][tid:478][com.facebook.buck.apple.AppleSdkDiscovery] Fetching SDK name for /Applications/Xcode.app/Contents/Developer/Platforms/AppleTVOS.platform/Developer/SDKs/AppleTVOS11.2.sdk
[2017-12-22 15:14:10.224][debug][command:null][tid:478][com.facebook.buck.apple.AppleSdkDiscovery] Found SDK AppleSdk{name=appletvos11.2, version=11.2, applePlatform=ApplePlatform{name=appletvos, provisioningProfileName=tvOS, architectures=[arm64], minVersionFlagPrefix=-mtvos-version-min=, appIncludesFrameworks=false}, architectures=[arm64], toolchains=[AppleToolchain{identifier=com.apple.dt.toolchain.XcodeDefault, path=/Applications/Xcode.app/Contents/Developer/Toolchains/XcodeDefault.xctoolchain}]}
[2017-12-22 15:14:10.226][debug][command:null][tid:478][com.facebook.buck.apple.AppleSdkDiscovery] Fetching SDK name for /Applications/Xcode.app/Contents/Developer/Platforms/AppleTVOS.platform/Developer/SDKs/AppleTVOS.sdk
[2017-12-22 15:14:10.226][debug][command:null][tid:478][com.facebook.buck.apple.AppleSdkDiscovery] Skipping already scanned SDK directory /Applications/Xcode.app/Contents/Developer/Platforms/AppleTVOS.platform/Developer/SDKs/AppleTVOS.sdk
[2017-12-22 15:14:10.226][debug][command:null][tid:478][com.facebook.buck.apple.AppleSdkDiscovery] Fetching SDK name for /Applications/Xcode.app/Contents/Developer/Platforms/iPhoneOS.platform/Developer/SDKs/iPhoneOS.sdk
[2017-12-22 15:14:10.227][debug][command:null][tid:478][com.facebook.buck.apple.AppleSdkDiscovery] Found SDK AppleSdk{name=iphoneos11.2, version=11.2, applePlatform=ApplePlatform{name=iphoneos, swiftName=ios, provisioningProfileName=iOS, architectures=[armv7, arm64], minVersionFlagPrefix=-mios-version-min=, stubBinaryPath=Library/Application Support/WatchKit/WK, appIncludesFrameworks=false}, architectures=[armv7, arm64], toolchains=[AppleToolchain{identifier=com.apple.dt.toolchain.XcodeDefault, path=/Applications/Xcode.app/Contents/Developer/Toolchains/XcodeDefault.xctoolchain}]}
[2017-12-22 15:14:10.227][debug][command:null][tid:478][com.facebook.buck.apple.AppleSdkDiscovery] Fetching SDK name for /Applications/Xcode.app/Contents/Developer/Platforms/iPhoneOS.platform/Developer/SDKs/iPhoneOS11.2.sdk
[2017-12-22 15:14:10.227][debug][command:null][tid:478][com.facebook.buck.apple.AppleSdkDiscovery] Skipping already scanned SDK directory /Applications/Xcode.app/Contents/Developer/Platforms/iPhoneOS.platform/Developer/SDKs/iPhoneOS.sdk
[2017-12-22 15:14:10.227][debug][command:null][tid:478][com.facebook.buck.apple.AppleSdkDiscovery] Fetching SDK name for /Applications/Xcode.app/Contents/Developer/Platforms/WatchOS.platform/Developer/SDKs/WatchOS4.2.sdk
[2017-12-22 15:14:10.228][debug][command:null][tid:478][com.facebook.buck.apple.AppleSdkDiscovery] Found SDK AppleSdk{name=watchos4.2, version=4.2, applePlatform=ApplePlatform{name=watchos, provisioningProfileName=iOS, architectures=[armv7k], minVersionFlagPrefix=-mwatchos-version-min=, stubBinaryPath=Library/Application Support/WatchKit/WK, appIncludesFrameworks=false}, architectures=[armv7k], toolchains=[AppleToolchain{identifier=com.apple.dt.toolchain.XcodeDefault, path=/Applications/Xcode.app/Contents/Developer/Toolchains/XcodeDefault.xctoolchain}]}
[2017-12-22 15:14:10.229][debug][command:null][tid:478][com.facebook.buck.apple.AppleSdkDiscovery] Fetching SDK name for /Applications/Xcode.app/Contents/Developer/Platforms/WatchOS.platform/Developer/SDKs/WatchOS.sdk
[2017-12-22 15:14:10.229][debug][command:null][tid:478][com.facebook.buck.apple.AppleSdkDiscovery] Skipping already scanned SDK directory /Applications/Xcode.app/Contents/Developer/Platforms/WatchOS.platform/Developer/SDKs/WatchOS.sdk
[2017-12-22 15:14:10.229][debug][command:null][tid:478][com.facebook.buck.apple.AppleSdkDiscovery] Fetching SDK name for /Applications/Xcode.app/Contents/Developer/Platforms/MacOSX.platform/Developer/SDKs/MacOSX10.13.sdk
[2017-12-22 15:14:10.236][debug][command:null][tid:478][com.facebook.buck.apple.AppleSdkDiscovery] Found SDK AppleSdk{name=macosx10.13, version=10.13, applePlatform=ApplePlatform{name=macosx, architectures=[i386, x86_64], minVersionFlagPrefix=-mmacosx-version-min=, appIncludesFrameworks=true}, architectures=[i386, x86_64], toolchains=[AppleToolchain{identifier=com.apple.dt.toolchain.XcodeDefault, path=/Applications/Xcode.app/Contents/Developer/Toolchains/XcodeDefault.xctoolchain}]}
[2017-12-22 15:14:10.236][debug][command:null][tid:478][com.facebook.buck.apple.AppleSdkDiscovery] Fetching SDK name for /Applications/Xcode.app/Contents/Developer/Platforms/MacOSX.platform/Developer/SDKs/MacOSX.sdk
[2017-12-22 15:14:10.236][debug][command:null][tid:478][com.facebook.buck.apple.AppleSdkDiscovery] Skipping already scanned SDK directory /Applications/Xcode.app/Contents/Developer/Platforms/MacOSX.platform/Developer/SDKs/MacOSX.sdk
[2017-12-22 15:14:10.236][debug][command:null][tid:478][com.facebook.buck.apple.AppleSdkDiscovery] Fetching SDK name for /Applications/Xcode.app/Contents/Developer/Platforms/WatchSimulator.platform/Developer/SDKs/WatchSimulator4.2.sdk
[2017-12-22 15:14:10.237][debug][command:null][tid:478][com.facebook.buck.apple.AppleSdkDiscovery] Found SDK AppleSdk{name=watchsimulator4.2, version=4.2, applePlatform=ApplePlatform{name=watchsimulator, architectures=[i386], minVersionFlagPrefix=-mwatchos-simulator-version-min=, stubBinaryPath=Library/Application Support/WatchKit/WK, appIncludesFrameworks=false}, architectures=[i386], toolchains=[AppleToolchain{identifier=com.apple.dt.toolchain.XcodeDefault, path=/Applications/Xcode.app/Contents/Developer/Toolchains/XcodeDefault.xctoolchain}]}
[2017-12-22 15:14:10.237][debug][command:null][tid:478][com.facebook.buck.apple.AppleSdkDiscovery] Fetching SDK name for /Applications/Xcode.app/Contents/Developer/Platforms/WatchSimulator.platform/Developer/SDKs/WatchSimulator.sdk
[2017-12-22 15:14:10.237][debug][command:null][tid:478][com.facebook.buck.apple.AppleSdkDiscovery] Skipping already scanned SDK directory /Applications/Xcode.app/Contents/Developer/Platforms/WatchSimulator.platform/Developer/SDKs/WatchSimulator.sdk
[2017-12-22 15:14:10.238][debug][command:null][tid:478][com.facebook.buck.apple.AppleSdkDiscovery] Fetching SDK name for /Applications/Xcode.app/Contents/Developer/Platforms/AppleTVSimulator.platform/Developer/SDKs/AppleTVSimulator.sdk
[2017-12-22 15:14:10.238][debug][command:null][tid:478][com.facebook.buck.apple.AppleSdkDiscovery] Found SDK AppleSdk{name=appletvsimulator11.2, version=11.2, applePlatform=ApplePlatform{name=appletvsimulator, swiftName=tvos, architectures=[x86_64], minVersionFlagPrefix=-mtvos-simulator-version-min=, appIncludesFrameworks=false}, architectures=[x86_64], toolchains=[AppleToolchain{identifier=com.apple.dt.toolchain.XcodeDefault, path=/Applications/Xcode.app/Contents/Developer/Toolchains/XcodeDefault.xctoolchain}]}
[2017-12-22 15:14:10.238][debug][command:null][tid:478][com.facebook.buck.apple.AppleSdkDiscovery] Fetching SDK name for /Applications/Xcode.app/Contents/Developer/Platforms/AppleTVSimulator.platform/Developer/SDKs/AppleTVSimulator11.2.sdk
[2017-12-22 15:14:10.238][debug][command:null][tid:478][com.facebook.buck.apple.AppleSdkDiscovery] Skipping already scanned SDK directory /Applications/Xcode.app/Contents/Developer/Platforms/AppleTVSimulator.platform/Developer/SDKs/AppleTVSimulator.sdk
[2017-12-22 15:14:10.239][debug][command:null][tid:478][com.facebook.buck.apple.AppleSdkDiscovery] Fetching SDK name for /Applications/Xcode.app/Contents/Developer/Platforms/iPhoneSimulator.platform/Developer/SDKs/iPhoneSimulator.sdk
[2017-12-22 15:14:10.239][debug][command:null][tid:478][com.facebook.buck.apple.AppleSdkDiscovery] Found SDK AppleSdk{name=iphonesimulator11.2, version=11.2, applePlatform=ApplePlatform{name=iphonesimulator, swiftName=ios, architectures=[i386, x86_64], minVersionFlagPrefix=-mios-simulator-version-min=, stubBinaryPath=Library/Application Support/WatchKit/WK, appIncludesFrameworks=false}, architectures=[i386, x86_64], toolchains=[AppleToolchain{identifier=com.apple.dt.toolchain.XcodeDefault, path=/Applications/Xcode.app/Contents/Developer/Toolchains/XcodeDefault.xctoolchain}]}
[2017-12-22 15:14:10.240][debug][command:null][tid:478][com.facebook.buck.apple.AppleSdkDiscovery] Fetching SDK name for /Applications/Xcode.app/Contents/Developer/Platforms/iPhoneSimulator.platform/Developer/SDKs/iPhoneSimulator11.2.sdk
[2017-12-22 15:14:10.240][debug][command:null][tid:478][com.facebook.buck.apple.AppleSdkDiscovery] Skipping already scanned SDK directory /Applications/Xcode.app/Contents/Developer/Platforms/iPhoneSimulator.platform/Developer/SDKs/iPhoneSimulator.sdk
[2017-12-22 15:14:10.242][info ][command:null][tid:478][com.facebook.buck.io.Watchman] Creating for: [/Users/remirobert/dev/Dog-project]
[2017-12-22 15:14:10.243][debug][command:null][tid:478][com.facebook.buck.io.ExecutableFinder] Executable 'watchman' mapped to 'Optional[/usr/local/bin/watchman]'
[2017-12-22 15:14:10.243][debug][command:null][tid:478][com.facebook.buck.util.ListeningProcessExecutor] Launching process with params ProcessExecutorParams{command=[/usr/local/bin/watchman, --output-encoding=bser, get-sockname]}
[2017-12-22 15:14:10.246][debug][command:null][tid:478][com.facebook.buck.util.ListeningProcessExecutor] Successfully launched process com.zaxxer.nuprocess.osx.OsxProcess@7adc9277
[2017-12-22 15:14:10.246][debug][command:null][tid:478][com.facebook.buck.util.ListeningProcessExecutor] Waiting for process com.facebook.buck.util.ListeningProcessExecutor$LaunchedProcessImpl@fffea99 timeout 1000000000 NANOSECONDS
[2017-12-22 15:14:10.272][debug][command:null][tid:478][com.facebook.buck.util.ListeningProcessExecutor] Wait for process returned 0
[2017-12-22 15:14:10.272][debug][command:null][tid:478][com.facebook.buck.io.Watchman] Waited 25 ms for Watchman command get-sockname, exit code 0
[2017-12-22 15:14:10.273][debug][command:null][tid:478][com.facebook.buck.io.Watchman] stdout of command: {sockname=/usr/local/var/run/watchman/remirobert-state/sock, version=4.9.0}
[2017-12-22 15:14:10.273][info ][command:null][tid:478][com.facebook.buck.io.Watchman] Connecting to Watchman version 4.9.0 at /usr/local/var/run/watchman/remirobert-state/sock
[2017-12-22 15:14:10.274][debug][command:null][tid:478][com.facebook.buck.io.Watchman] Connected to Watchman
[2017-12-22 15:14:10.274][debug][command:null][tid:488][com.facebook.buck.io.WatchmanTransportClient] Sending query: [version, {required=[cmd-watch-project], optional=[term-dirname, cmd-watch-project, wildmatch, wildmatch_multislash, glob_generator, clock-sync-timeout]}]
[2017-12-22 15:14:10.275][debug][command:null][tid:478][com.facebook.buck.io.WatchmanTransportClient] Query [version, {required=[cmd-watch-project], optional=[term-dirname, cmd-watch-project, wildmatch, wildmatch_multislash, glob_generator, clock-sync-timeout]}] returned in 1 ms
[2017-12-22 15:14:10.275][info ][command:null][tid:478][com.facebook.buck.io.Watchman] Took 1 ms to query capabilities {term-dirname=DIRNAME, cmd-watch-project=SUPPORTS_PROJECT_WATCH, wildmatch=WILDMATCH_GLOB, wildmatch_multislash=WILDMATCH_MULTISLASH, glob_generator=GLOB_GENERATOR, clock-sync-timeout=CLOCK_SYNC_TIMEOUT}
[2017-12-22 15:14:10.276][debug][command:null][tid:478][com.facebook.buck.io.Watchman] Got capabilities response: {clock-sync-timeout=true, glob_generator=true, wildmatch_multislash=false, cmd-watch-project=true, wildmatch=true, term-dirname=true}
[2017-12-22 15:14:10.276][debug][command:null][tid:478][com.facebook.buck.io.Watchman] Got Watchman capabilities: [CLOCK_SYNC_TIMEOUT, GLOB_GENERATOR, SUPPORTS_PROJECT_WATCH, WILDMATCH_GLOB, DIRNAME]
[2017-12-22 15:14:10.276][info ][command:null][tid:478][com.facebook.buck.io.Watchman] Adding watchman root: /Users/remirobert/dev/Dog-project
[2017-12-22 15:14:10.276][debug][command:null][tid:488][com.facebook.buck.io.WatchmanTransportClient] Sending query: [watch-project, /Users/remirobert/dev/Dog-project]
[2017-12-22 15:14:10.276][debug][command:null][tid:478][com.facebook.buck.io.WatchmanTransportClient] Query [watch-project, /Users/remirobert/dev/Dog-project] returned in 0 ms
[2017-12-22 15:14:10.276][debug][command:null][tid:488][com.facebook.buck.io.WatchmanTransportClient] Sending query: [watch-project, /Users/remirobert/dev/Dog-project]
[2017-12-22 15:14:10.276][debug][command:null][tid:478][com.facebook.buck.io.WatchmanTransportClient] Query [watch-project, /Users/remirobert/dev/Dog-project] returned in 0 ms
[2017-12-22 15:14:10.277][info ][command:null][tid:478][com.facebook.buck.io.Watchman] Took 0 ms to add root /Users/remirobert/dev/Dog-project
[2017-12-22 15:14:10.278][debug][command:null][tid:488][com.facebook.buck.io.WatchmanTransportClient] Sending query: [clock, /Users/remirobert/dev/Dog-project, {sync_timeout=100}]
[2017-12-22 15:14:10.282][debug][command:null][tid:478][com.facebook.buck.io.WatchmanTransportClient] Query [clock, /Users/remirobert/dev/Dog-project, {sync_timeout=100}] returned in 3 ms
[2017-12-22 15:14:10.282][info ][command:null][tid:478][com.facebook.buck.io.Watchman] Took 3 ms to query for initial clock id Optional[c:1513586676:1188:9:985]
[2017-12-22 15:14:10.282][debug][command:null][tid:478][com.facebook.buck.cli.Main] Watchman capabilities: [CLOCK_SYNC_TIMEOUT, GLOB_GENERATOR, SUPPORTS_PROJECT_WATCH, WILDMATCH_GLOB, DIRNAME] Project watches: {/Users/remirobert/dev/Dog-project=ProjectWatch{watchRoot=/Users/remirobert/dev/Dog-project}} Glob handler config: PYTHON Query timeout ms config: Optional.empty
[2017-12-22 15:14:10.284][warn ][command:null][tid:478][com.facebook.buck.cli.DaemonLifecycleManager] Shutting down and restarting daemon on config or directory resolver change (Cell{filesystem=com.facebook.buck.io.filesystem.impl.DefaultProjectFilesystem@1dfb1902 (projectRoot=/Users/remirobert/dev/Dog-project, hash(blackListedPaths)=2095981799), buckConfig=com.facebook.buck.config.BuckConfig@ea5c4be (config=com.facebook.buck.util.config.Config@ea5c49f)} != Cell{filesystem=com.facebook.buck.io.filesystem.impl.DefaultProjectFilesystem@1dfb1902 (projectRoot=/Users/remirobert/dev/Dog-project, hash(blackListedPaths)=2095981799), buckConfig=com.facebook.buck.config.BuckConfig@3972b28d (config=com.facebook.buck.util.config.Config@3972b26e)})
[2017-12-22 15:14:10.284][info ][command:null][tid:478][com.facebook.buck.cli.DaemonLifecycleManager] Reusing web server
[2017-12-22 15:14:10.288][warn ][command:null][tid:478][com.facebook.buck.cli.Daemon] Can't start web server
[2017-12-22 15:14:10.288][debug][command:null][tid:478][com.facebook.buck.cli.Daemon] Using Watchman Cursor: {/Users/remirobert/dev/Dog-project=c:1513586676:1188:9:985}
[2017-12-22 15:14:10.309][debug][command:39b2486f-420c-4e54-a54d-2501399747dc][tid:478][com.facebook.buck.event.listener.SuperConsoleEventBusListener] Starting render scheduler (interval 100 ms)
[2017-12-22 15:14:10.310][debug][command:39b2486f-420c-4e54-a54d-2501399747dc][tid:478][com.google.common.util.concurrent.ServiceManager] Starting PerfStatsTracking [RUNNING].
[2017-12-22 15:14:10.311][debug][command:39b2486f-420c-4e54-a54d-2501399747dc][tid:478][com.google.common.util.concurrent.ServiceManager] Started PerfStatsTracking [RUNNING] in 897.4 μs.
[2017-12-22 15:14:10.311][debug][command:39b2486f-420c-4e54-a54d-2501399747dc][tid:478][com.google.common.util.concurrent.ServiceManager] Starting ProcessTracker [STARTING].
[2017-12-22 15:14:10.311][debug][command:39b2486f-420c-4e54-a54d-2501399747dc][tid:478][com.facebook.buck.cli.Main] InvocationInfo BuildId=[39b2486f-420c-4e54-a54d-2501399747dc] Args=[buid, :app]
[2017-12-22 15:14:10.311][debug][command:null][tid:493][com.facebook.buck.util.perf.ProcessTracker] startUp
[2017-12-22 15:14:10.312][debug][command:39b2486f-420c-4e54-a54d-2501399747dc][tid:478][com.facebook.buck.util.environment.MacWifiSsidFinder] Getting current SSID..
[2017-12-22 15:14:10.313][debug][command:39b2486f-420c-4e54-a54d-2501399747dc][tid:478][com.facebook.buck.util.environment.MacWifiSsidFinder] Getting SSID from Wi-Fi interface: <CWInterface: 0x7fbf5e18a2f0> [interfaceName=en0]
[2017-12-22 15:14:10.314][debug][command:39b2486f-420c-4e54-a54d-2501399747dc][tid:478][com.facebook.buck.util.environment.MacWifiSsidFinder] Found SSID: A2975
[2017-12-22 15:14:10.314][debug][command:null][tid:493][com.google.common.util.concurrent.ServiceManager] Started ProcessTracker [RUNNING] in 2.644 ms.
[2017-12-22 15:14:10.321][warn ][command:null][tid:496][com.facebook.buck.event.listener.PublicAnnouncementManager] Failed to get public announcements. Reason: Failed to establish connection to server.
[2017-12-22 15:14:10.321][info ][command:null][tid:497][com.facebook.buck.util.versioncontrol.VersionControlStatsGenerator] Starting generation of version control stats.
[2017-12-22 15:14:10.321][debug][command:null][tid:497][com.facebook.buck.util.versioncontrol.VersionControlCmdLineInterface] Executing command: hg log -l 1 --template {node|short}
[2017-12-22 15:14:10.331][warn ][command:null][tid:497][com.facebook.buck.util.versioncontrol.DelegatingVersionControlCmdLineInterface] Mercurial is the only VCS supported for VCS stats generation, however current project (which has enabled VCS stats generation in its .buckconfig) does not appear to be a Mercurial repository: 
com.facebook.buck.util.versioncontrol.VersionControlCommandFailedException: java.io.IOException: Cannot run program "hg" (in directory "/Users/remirobert/dev/Dog-project"): error=2, No such file or directory
[2017-12-22 15:14:10.331][debug][command:null][tid:497][com.facebook.buck.util.versioncontrol.DelegatingVersionControlCmdLineInterface] Using NoOpCmdLineInterface.
[2017-12-22 15:14:10.331][warn ][command:null][tid:497][com.facebook.buck.util.versioncontrol.VersionControlStatsGenerator] Skipping generation of version control stats as unsupported repository type.
[2017-12-22 15:14:10.331][debug][command:null][tid:497][com.facebook.buck.util.environment.MacNetworkConfiguration] Determine network service order and extract device names
[2017-12-22 15:14:10.332][debug][command:null][tid:497][com.facebook.buck.util.ListeningProcessExecutor] Launching process with params ProcessExecutorParams{command=[networksetup, -listnetworkserviceorder, ]}
[2017-12-22 15:14:10.334][debug][command:null][tid:497][com.facebook.buck.util.ListeningProcessExecutor] Successfully launched process com.zaxxer.nuprocess.osx.OsxProcess@38b44e67
[2017-12-22 15:14:10.335][debug][command:null][tid:497][com.facebook.buck.util.ListeningProcessExecutor] Waiting for process com.facebook.buck.util.ListeningProcessExecutor$LaunchedProcessImpl@3c8bdda9 timeout 1000 MILLISECONDS
[2017-12-22 15:14:10.396][debug][command:null][tid:497][com.facebook.buck.util.ListeningProcessExecutor] Wait for process returned 0
[2017-12-22 15:14:10.396][debug][command:null][tid:497][com.facebook.buck.util.ListeningProcessExecutor] Destroying process com.facebook.buck.util.ListeningProcessExecutor$LaunchedProcessImpl@3c8bdda9 (force true)
[2017-12-22 15:14:10.396][debug][command:null][tid:497][com.facebook.buck.util.environment.MacNetworkConfiguration] Determine active state of media for device
[2017-12-22 15:14:10.396][debug][command:null][tid:497][com.facebook.buck.util.ListeningProcessExecutor] Launching process with params ProcessExecutorParams{command=[networksetup, -getMedia, usbmodem1441]}
[2017-12-22 15:14:10.398][debug][command:null][tid:497][com.facebook.buck.util.ListeningProcessExecutor] Successfully launched process com.zaxxer.nuprocess.osx.OsxProcess@7989445c
[2017-12-22 15:14:10.398][debug][command:null][tid:497][com.facebook.buck.util.ListeningProcessExecutor] Waiting for process com.facebook.buck.util.ListeningProcessExecutor$LaunchedProcessImpl@52e7e0ca timeout 1000 MILLISECONDS
[2017-12-22 15:14:10.439][debug][command:null][tid:497][com.facebook.buck.util.ListeningProcessExecutor] Wait for process returned 4
[2017-12-22 15:14:10.439][debug][command:null][tid:497][com.facebook.buck.util.ListeningProcessExecutor] Destroying process com.facebook.buck.util.ListeningProcessExecutor$LaunchedProcessImpl@52e7e0ca (force true)
[2017-12-22 15:14:10.439][debug][command:null][tid:497][com.facebook.buck.util.environment.MacNetworkConfiguration] Determine active state of media for device
[2017-12-22 15:14:10.439][debug][command:null][tid:497][com.facebook.buck.util.ListeningProcessExecutor] Launching process with params ProcessExecutorParams{command=[networksetup, -getMedia, usbmodem1431]}
[2017-12-22 15:14:10.440][debug][command:null][tid:497][com.facebook.buck.util.ListeningProcessExecutor] Successfully launched process com.zaxxer.nuprocess.osx.OsxProcess@483a5b87
[2017-12-22 15:14:10.440][debug][command:null][tid:497][com.facebook.buck.util.ListeningProcessExecutor] Waiting for process com.facebook.buck.util.ListeningProcessExecutor$LaunchedProcessImpl@2abea1bc timeout 1000 MILLISECONDS
[2017-12-22 15:14:10.478][debug][command:null][tid:497][com.facebook.buck.util.ListeningProcessExecutor] Wait for process returned 4
[2017-12-22 15:14:10.478][debug][command:null][tid:497][com.facebook.buck.util.ListeningProcessExecutor] Destroying process com.facebook.buck.util.ListeningProcessExecutor$LaunchedProcessImpl@2abea1bc (force true)
[2017-12-22 15:14:10.478][debug][command:null][tid:497][com.facebook.buck.util.environment.MacNetworkConfiguration] Determine active state of media for device
[2017-12-22 15:14:10.478][debug][command:null][tid:497][com.facebook.buck.util.ListeningProcessExecutor] Launching process with params ProcessExecutorParams{command=[networksetup, -getMedia, usbmodem14331]}
[2017-12-22 15:14:10.479][debug][command:null][tid:497][com.facebook.buck.util.ListeningProcessExecutor] Successfully launched process com.zaxxer.nuprocess.osx.OsxProcess@19a6bb13
[2017-12-22 15:14:10.480][debug][command:null][tid:497][com.facebook.buck.util.ListeningProcessExecutor] Waiting for process com.facebook.buck.util.ListeningProcessExecutor$LaunchedProcessImpl@742ae95d timeout 1000 MILLISECONDS
[2017-12-22 15:14:10.494][debug][command:39b2486f-420c-4e54-a54d-2501399747dc][tid:478][com.facebook.buck.parser.Parser] com.facebook.buck.event.DefaultBuckEventBus@7ea6deb8
[2017-12-22 15:14:10.495][debug][command:null][tid:488][com.facebook.buck.io.WatchmanTransportClient] Sending query: [query, /Users/remirobert/dev/Dog-project, {since=c:1513586676:1188:9:985, expression=[not, [anyof, [type, d], [dirname, .idea], [dirname, .buckd], [dirname, buck-out/cache], [dirname, .git], [dirname, .hg], [dirname, buck-out/.trash], [dirname, buck-out], [match, **/*.pbxproj, wholename, {includedotfiles=true}], [match, **/*.xcscheme, wholename, {includedotfiles=true}], [match, **/*.xcworkspacedata, wholename, {includedotfiles=true}], [match, **/*~, wholename, {includedotfiles=true}], [match, **/#*#, wholename, {includedotfiles=true}], [match, **/.#*, wholename, {includedotfiles=true}], [match, **/*.swo, wholename, {includedotfiles=true}], [match, **/*.swp, wholename, {includedotfiles=true}], [match, **/*.swpx, wholename, {includedotfiles=true}], [match, **/*.un~, wholename, {includedotfiles=true}], [match, **/.netrhwist, wholename, {includedotfiles=true}], [match, .idea, wholename, {includedotfiles=true}], [match, .iml, wholename, {includedotfiles=true}], [match, **/*.pydevproject, wholename, {includedotfiles=true}], [match, .project, wholename, {includedotfiles=true}], [match, .metadata, wholename, {includedotfiles=true}], [match, **/*.tmp, wholename, {includedotfiles=true}], [match, **/*.bak, wholename, {includedotfiles=true}], [match, **/*~.nib, wholename, {includedotfiles=true}], [match, .classpath, wholename, {includedotfiles=true}], [match, .settings, wholename, {includedotfiles=true}], [match, .loadpath, wholename, {includedotfiles=true}], [match, .externalToolBuilders, wholename, {includedotfiles=true}], [match, .cproject, wholename, {includedotfiles=true}], [match, .buildpath, wholename, {includedotfiles=true}], [match, .DS_Store, wholename, {includedotfiles=true}], [match, .AppleDouble, wholename, {includedotfiles=true}], [match, .LSOverride, wholename, {includedotfiles=true}], [match, .Spotlight-V100, wholename, {includedotfiles=true}], [match, .Trashes, wholename, {includedotfiles=true}], [match, $RECYCLE.BIN, wholename, {includedotfiles=true}], [match, .*.sublime-workspace, wholename, {includedotfiles=true}]]], empty_on_fresh_instance=true, fields=[name, exists, new]}]
[2017-12-22 15:14:10.507][debug][command:39b2486f-420c-4e54-a54d-2501399747dc][tid:478][com.facebook.buck.io.WatchmanTransportClient] Query [query, /Users/remirobert/dev/Dog-project, {since=c:1513586676:1188:9:985, expression=[not, [anyof, [type, d], [dirname, .idea], [dirname, .buckd], [dirname, buck-out/cache], [dirname, .git], [dirname, .hg], [dirname, buck-out/.trash], [dirname, buck-out], [match, **/*.pbxproj, wholename, {includedotfiles=true}], [match, **/*.xcscheme, wholename, {includedotfiles=true}], [match, **/*.xcworkspacedata, wholename, {includedotfiles=true}], [match, **/*~, wholename, {includedotfiles=true}], [match, **/#*#, wholename, {includedotfiles=true}], [match, **/.#*, wholename, {includedotfiles=true}], [match, **/*.swo, wholename, {includedotfiles=true}], [match, **/*.swp, wholename, {includedotfiles=true}], [match, **/*.swpx, wholename, {includedotfiles=true}], [match, **/*.un~, wholename, {includedotfiles=true}], [match, **/.netrhwist, wholename, {includedotfiles=true}], [match, .idea, wholename, {includedotfiles=true}], [match, .iml, wholename, {includedotfiles=true}], [match, **/*.pydevproject, wholename, {includedotfiles=true}], [match, .project, wholename, {includedotfiles=true}], [match, .metadata, wholename, {includedotfiles=true}], [match, **/*.tmp, wholename, {includedotfiles=true}], [match, **/*.bak, wholename, {includedotfiles=true}], [match, **/*~.nib, wholename, {includedotfiles=true}], [match, .classpath, wholename, {includedotfiles=true}], [match, .settings, wholename, {includedotfiles=true}], [match, .loadpath, wholename, {includedotfiles=true}], [match, .externalToolBuilders, wholename, {includedotfiles=true}], [match, .cproject, wholename, {includedotfiles=true}], [match, .buildpath, wholename, {includedotfiles=true}], [match, .DS_Store, wholename, {includedotfiles=true}], [match, .AppleDouble, wholename, {includedotfiles=true}], [match, .LSOverride, wholename, {includedotfiles=true}], [match, .Spotlight-V100, wholename, {includedotfiles=true}], [match, .Trashes, wholename, {includedotfiles=true}], [match, $RECYCLE.BIN, wholename, {includedotfiles=true}], [match, .*.sublime-workspace, wholename, {includedotfiles=true}]]], empty_on_fresh_instance=true, fields=[name, exists, new]}] returned in 12 ms
[2017-12-22 15:14:10.507][debug][command:39b2486f-420c-4e54-a54d-2501399747dc][tid:478][com.facebook.buck.io.WatchmanWatcher] Updating Watchman Cursor from c:1513586676:1188:9:985 to c:1513586676:1188:9:989
[2017-12-22 15:14:10.507][debug][command:39b2486f-420c-4e54-a54d-2501399747dc][tid:478][com.facebook.buck.io.WatchmanWatcher] Posted 0 Watchman events.
[2017-12-22 15:14:10.520][info ][command:39b2486f-420c-4e54-a54d-2501399747dc][tid:498][com.facebook.buck.event.listener.LoggingBuildListener] Build started at 2017-12-22 15:14:10.519
[2017-12-22 15:14:10.521][debug][command:39b2486f-420c-4e54-a54d-2501399747dc][tid:478][com.facebook.buck.apple.AppleCxxPlatforms] SDK AppleSdk{name=appletvos11.2, version=11.2, applePlatform=ApplePlatform{name=appletvos, provisioningProfileName=tvOS, architectures=[arm64], minVersionFlagPrefix=-mtvos-version-min=, appIncludesFrameworks=false}, architectures=[arm64], toolchains=[AppleToolchain{identifier=com.apple.dt.toolchain.XcodeDefault, path=/Applications/Xcode.app/Contents/Developer/Toolchains/XcodeDefault.xctoolchain}]} using default version 11.2
[2017-12-22 15:14:10.523][debug][command:39b2486f-420c-4e54-a54d-2501399747dc][tid:478][com.facebook.buck.apple.AppleCxxPlatforms] Xcode build version is: 9C40b
[2017-12-22 15:14:10.525][debug][command:null][tid:497][com.facebook.buck.util.ListeningProcessExecutor] Wait for process returned 4
[2017-12-22 15:14:10.525][debug][command:null][tid:497][com.facebook.buck.util.ListeningProcessExecutor] Destroying process com.facebook.buck.util.ListeningProcessExecutor$LaunchedProcessImpl@742ae95d (force true)
[2017-12-22 15:14:10.525][debug][command:null][tid:497][com.facebook.buck.util.environment.MacNetworkConfiguration] Determine active state of media for device
[2017-12-22 15:14:10.525][debug][command:null][tid:497][com.facebook.buck.util.ListeningProcessExecutor] Launching process with params ProcessExecutorParams{command=[networksetup, -getMedia, lpss-serial1]}
[2017-12-22 15:14:10.531][debug][command:39b2486f-420c-4e54-a54d-2501399747dc][tid:478][com.facebook.buck.apple.AppleCxxPlatforms] Apple toolchain path: /Applications/Xcode.app/Contents/Developer/Toolchains/XcodeDefault.xctoolchain
[2017-12-22 15:14:10.531][debug][command:39b2486f-420c-4e54-a54d-2501399747dc][tid:478][com.facebook.buck.apple.AppleCxxPlatforms] Headers verification platform whitelist: [^\Q/Applications/Xcode.app/Contents/Developer/Platforms/AppleTVOS.platform/Developer/Library/Frameworks\E\/.*, ^\Q/Applications/Xcode.app/Contents/Developer/Platforms/AppleTVOS.platform/Developer/SDKs/AppleTVOS.sdk\E\/.*, ^\Q/Applications/Xcode.app/Contents/Developer/Toolchains/XcodeDefault.xctoolchain\E\/.*]
[2017-12-22 15:14:10.534][debug][command:39b2486f-420c-4e54-a54d-2501399747dc][tid:478][com.facebook.buck.apple.AppleCxxPlatforms] SDK AppleSdk{name=iphoneos11.2, version=11.2, applePlatform=ApplePlatform{name=iphoneos, swiftName=ios, provisioningProfileName=iOS, architectures=[armv7, arm64], minVersionFlagPrefix=-mios-version-min=, stubBinaryPath=Library/Application Support/WatchKit/WK, appIncludesFrameworks=false}, architectures=[armv7, arm64], toolchains=[AppleToolchain{identifier=com.apple.dt.toolchain.XcodeDefault, path=/Applications/Xcode.app/Contents/Developer/Toolchains/XcodeDefault.xctoolchain}]} using default version 11.2
[2017-12-22 15:14:10.535][debug][command:39b2486f-420c-4e54-a54d-2501399747dc][tid:478][com.facebook.buck.apple.AppleCxxPlatforms] Xcode build version is: 9C40b
[2017-12-22 15:14:10.536][debug][command:null][tid:497][com.facebook.buck.util.ListeningProcessExecutor] Successfully launched process com.zaxxer.nuprocess.osx.OsxProcess@6e56623c
[2017-12-22 15:14:10.536][debug][command:null][tid:497][com.facebook.buck.util.ListeningProcessExecutor] Waiting for process com.facebook.buck.util.ListeningProcessExecutor$LaunchedProcessImpl@31ba8d0b timeout 1000 MILLISECONDS
[2017-12-22 15:14:10.542][debug][command:39b2486f-420c-4e54-a54d-2501399747dc][tid:478][com.facebook.buck.apple.AppleCxxPlatforms] Apple toolchain path: /Applications/Xcode.app/Contents/Developer/Toolchains/XcodeDefault.xctoolchain
[2017-12-22 15:14:10.542][debug][command:39b2486f-420c-4e54-a54d-2501399747dc][tid:478][com.facebook.buck.apple.AppleCxxPlatforms] Headers verification platform whitelist: [^\Q/Applications/Xcode.app/Contents/Developer/Platforms/iPhoneOS.platform/Developer/Library/Frameworks\E\/.*, ^\Q/Applications/Xcode.app/Contents/Developer/Platforms/iPhoneOS.platform/Developer/SDKs/iPhoneOS.sdk\E\/.*, ^\Q/Applications/Xcode.app/Contents/Developer/Toolchains/XcodeDefault.xctoolchain\E\/.*]
[2017-12-22 15:14:10.544][debug][command:39b2486f-420c-4e54-a54d-2501399747dc][tid:478][com.facebook.buck.apple.AppleCxxPlatforms] Xcode build version is: 9C40b
[2017-12-22 15:14:10.546][debug][command:39b2486f-420c-4e54-a54d-2501399747dc][tid:478][com.facebook.buck.apple.AppleCxxPlatforms] Apple toolchain path: /Applications/Xcode.app/Contents/Developer/Toolchains/XcodeDefault.xctoolchain
[2017-12-22 15:14:10.546][debug][command:39b2486f-420c-4e54-a54d-2501399747dc][tid:478][com.facebook.buck.apple.AppleCxxPlatforms] Headers verification platform whitelist: [^\Q/Applications/Xcode.app/Contents/Developer/Platforms/iPhoneOS.platform/Developer/Library/Frameworks\E\/.*, ^\Q/Applications/Xcode.app/Contents/Developer/Platforms/iPhoneOS.platform/Developer/SDKs/iPhoneOS.sdk\E\/.*, ^\Q/Applications/Xcode.app/Contents/Developer/Toolchains/XcodeDefault.xctoolchain\E\/.*]
[2017-12-22 15:14:10.546][debug][command:39b2486f-420c-4e54-a54d-2501399747dc][tid:478][com.facebook.buck.apple.AppleCxxPlatforms] SDK AppleSdk{name=watchos4.2, version=4.2, applePlatform=ApplePlatform{name=watchos, provisioningProfileName=iOS, architectures=[armv7k], minVersionFlagPrefix=-mwatchos-version-min=, stubBinaryPath=Library/Application Support/WatchKit/WK, appIncludesFrameworks=false}, architectures=[armv7k], toolchains=[AppleToolchain{identifier=com.apple.dt.toolchain.XcodeDefault, path=/Applications/Xcode.app/Contents/Developer/Toolchains/XcodeDefault.xctoolchain}]} using default version 4.2
[2017-12-22 15:14:10.547][debug][command:39b2486f-420c-4e54-a54d-2501399747dc][tid:478][com.facebook.buck.apple.AppleCxxPlatforms] Xcode build version is: 9C40b
[2017-12-22 15:14:10.556][debug][command:39b2486f-420c-4e54-a54d-2501399747dc][tid:478][com.facebook.buck.apple.AppleCxxPlatforms] Apple toolchain path: /Applications/Xcode.app/Contents/Developer/Toolchains/XcodeDefault.xctoolchain
[2017-12-22 15:14:10.556][debug][command:39b2486f-420c-4e54-a54d-2501399747dc][tid:478][com.facebook.buck.apple.AppleCxxPlatforms] Headers verification platform whitelist: [^\Q/Applications/Xcode.app/Contents/Developer/Platforms/WatchOS.platform/Developer/Library/Frameworks\E\/.*, ^\Q/Applications/Xcode.app/Contents/Developer/Platforms/WatchOS.platform/Developer/SDKs/WatchOS.sdk\E\/.*, ^\Q/Applications/Xcode.app/Contents/Developer/Toolchains/XcodeDefault.xctoolchain\E\/.*]
[2017-12-22 15:14:10.557][debug][command:39b2486f-420c-4e54-a54d-2501399747dc][tid:478][com.facebook.buck.apple.AppleCxxPlatforms] SDK AppleSdk{name=macosx10.13, version=10.13, applePlatform=ApplePlatform{name=macosx, architectures=[i386, x86_64], minVersionFlagPrefix=-mmacosx-version-min=, appIncludesFrameworks=true}, architectures=[i386, x86_64], toolchains=[AppleToolchain{identifier=com.apple.dt.toolchain.XcodeDefault, path=/Applications/Xcode.app/Contents/Developer/Toolchains/XcodeDefault.xctoolchain}]} using default version 10.13
[2017-12-22 15:14:10.558][debug][command:39b2486f-420c-4e54-a54d-2501399747dc][tid:478][com.facebook.buck.apple.AppleCxxPlatforms] Xcode build version is: 9C40b
[2017-12-22 15:14:10.561][warn ][command:39b2486f-420c-4e54-a54d-2501399747dc][tid:478][com.facebook.buck.apple.AppleCxxPlatforms] In /Applications/Xcode.app/Contents/Developer/Platforms/MacOSX.platform/version.plist, missing ProductBuildVersion. Build version will be unset for this platform.
[2017-12-22 15:14:10.562][debug][command:39b2486f-420c-4e54-a54d-2501399747dc][tid:478][com.facebook.buck.apple.AppleCxxPlatforms] Apple toolchain path: /Applications/Xcode.app/Contents/Developer/Toolchains/XcodeDefault.xctoolchain
[2017-12-22 15:14:10.562][debug][command:39b2486f-420c-4e54-a54d-2501399747dc][tid:478][com.facebook.buck.apple.AppleCxxPlatforms] Headers verification platform whitelist: [^\Q/Applications/Xcode.app/Contents/Developer/Platforms/MacOSX.platform/Developer/Library/Frameworks\E\/.*, ^\Q/Applications/Xcode.app/Contents/Developer/Platforms/MacOSX.platform/Developer/SDKs/MacOSX.sdk\E\/.*, ^\Q/Applications/Xcode.app/Contents/Developer/Toolchains/XcodeDefault.xctoolchain\E\/.*]
[2017-12-22 15:14:10.563][debug][command:39b2486f-420c-4e54-a54d-2501399747dc][tid:478][com.facebook.buck.apple.AppleCxxPlatforms] Xcode build version is: 9C40b
[2017-12-22 15:14:10.564][warn ][command:39b2486f-420c-4e54-a54d-2501399747dc][tid:478][com.facebook.buck.apple.AppleCxxPlatforms] In /Applications/Xcode.app/Contents/Developer/Platforms/MacOSX.platform/version.plist, missing ProductBuildVersion. Build version will be unset for this platform.
[2017-12-22 15:14:10.565][debug][command:39b2486f-420c-4e54-a54d-2501399747dc][tid:478][com.facebook.buck.apple.AppleCxxPlatforms] Apple toolchain path: /Applications/Xcode.app/Contents/Developer/Toolchains/XcodeDefault.xctoolchain
[2017-12-22 15:14:10.565][debug][command:39b2486f-420c-4e54-a54d-2501399747dc][tid:478][com.facebook.buck.apple.AppleCxxPlatforms] Headers verification platform whitelist: [^\Q/Applications/Xcode.app/Contents/Developer/Platforms/MacOSX.platform/Developer/Library/Frameworks\E\/.*, ^\Q/Applications/Xcode.app/Contents/Developer/Platforms/MacOSX.platform/Developer/SDKs/MacOSX.sdk\E\/.*, ^\Q/Applications/Xcode.app/Contents/Developer/Toolchains/XcodeDefault.xctoolchain\E\/.*]
[2017-12-22 15:14:10.565][debug][command:39b2486f-420c-4e54-a54d-2501399747dc][tid:478][com.facebook.buck.apple.AppleCxxPlatforms] SDK AppleSdk{name=watchsimulator4.2, version=4.2, applePlatform=ApplePlatform{name=watchsimulator, architectures=[i386], minVersionFlagPrefix=-mwatchos-simulator-version-min=, stubBinaryPath=Library/Application Support/WatchKit/WK, appIncludesFrameworks=false}, architectures=[i386], toolchains=[AppleToolchain{identifier=com.apple.dt.toolchain.XcodeDefault, path=/Applications/Xcode.app/Contents/Developer/Toolchains/XcodeDefault.xctoolchain}]} using default version 4.2
[2017-12-22 15:14:10.566][debug][command:39b2486f-420c-4e54-a54d-2501399747dc][tid:478][com.facebook.buck.apple.AppleCxxPlatforms] Xcode build version is: 9C40b
[2017-12-22 15:14:10.569][debug][command:39b2486f-420c-4e54-a54d-2501399747dc][tid:478][com.facebook.buck.apple.AppleCxxPlatforms] Apple toolchain path: /Applications/Xcode.app/Contents/Developer/Toolchains/XcodeDefault.xctoolchain
[2017-12-22 15:14:10.569][debug][command:39b2486f-420c-4e54-a54d-2501399747dc][tid:478][com.facebook.buck.apple.AppleCxxPlatforms] Headers verification platform whitelist: [^\Q/Applications/Xcode.app/Contents/Developer/Platforms/WatchSimulator.platform/Developer/Library/Frameworks\E\/.*, ^\Q/Applications/Xcode.app/Contents/Developer/Platforms/WatchSimulator.platform/Developer/SDKs/WatchSimulator.sdk\E\/.*, ^\Q/Applications/Xcode.app/Contents/Developer/Toolchains/XcodeDefault.xctoolchain\E\/.*]
[2017-12-22 15:14:10.570][debug][command:39b2486f-420c-4e54-a54d-2501399747dc][tid:478][com.facebook.buck.apple.AppleCxxPlatforms] SDK AppleSdk{name=appletvsimulator11.2, version=11.2, applePlatform=ApplePlatform{name=appletvsimulator, swiftName=tvos, architectures=[x86_64], minVersionFlagPrefix=-mtvos-simulator-version-min=, appIncludesFrameworks=false}, architectures=[x86_64], toolchains=[AppleToolchain{identifier=com.apple.dt.toolchain.XcodeDefault, path=/Applications/Xcode.app/Contents/Developer/Toolchains/XcodeDefault.xctoolchain}]} using default version 11.2
[2017-12-22 15:14:10.571][debug][command:39b2486f-420c-4e54-a54d-2501399747dc][tid:478][com.facebook.buck.apple.AppleCxxPlatforms] Xcode build version is: 9C40b
[2017-12-22 15:14:10.572][warn ][command:39b2486f-420c-4e54-a54d-2501399747dc][tid:478][com.facebook.buck.apple.AppleCxxPlatforms] /Applications/Xcode.app/Contents/Developer/Platforms/AppleTVSimulator.platform/version.plist does not exist. Build version will be unset for this platform.
[2017-12-22 15:14:10.572][debug][command:39b2486f-420c-4e54-a54d-2501399747dc][tid:478][com.facebook.buck.apple.AppleCxxPlatforms] Apple toolchain path: /Applications/Xcode.app/Contents/Developer/Toolchains/XcodeDefault.xctoolchain
[2017-12-22 15:14:10.572][debug][command:39b2486f-420c-4e54-a54d-2501399747dc][tid:478][com.facebook.buck.apple.AppleCxxPlatforms] Headers verification platform whitelist: [^\Q/Applications/Xcode.app/Contents/Developer/Platforms/AppleTVSimulator.platform/Developer/Library/Frameworks\E\/.*, ^\Q/Applications/Xcode.app/Contents/Developer/Platforms/AppleTVSimulator.platform/Developer/SDKs/AppleTVSimulator.sdk\E\/.*, ^\Q/Applications/Xcode.app/Contents/Developer/Toolchains/XcodeDefault.xctoolchain\E\/.*]
[2017-12-22 15:14:10.573][debug][command:39b2486f-420c-4e54-a54d-2501399747dc][tid:478][com.facebook.buck.apple.AppleCxxPlatforms] SDK AppleSdk{name=iphonesimulator11.2, version=11.2, applePlatform=ApplePlatform{name=iphonesimulator, swiftName=ios, architectures=[i386, x86_64], minVersionFlagPrefix=-mios-simulator-version-min=, stubBinaryPath=Library/Application Support/WatchKit/WK, appIncludesFrameworks=false}, architectures=[i386, x86_64], toolchains=[AppleToolchain{identifier=com.apple.dt.toolchain.XcodeDefault, path=/Applications/Xcode.app/Contents/Developer/Toolchains/XcodeDefault.xctoolchain}]} using default version 11.2
[2017-12-22 15:14:10.574][debug][command:39b2486f-420c-4e54-a54d-2501399747dc][tid:478][com.facebook.buck.apple.AppleCxxPlatforms] Xcode build version is: 9C40b
[2017-12-22 15:14:10.575][warn ][command:39b2486f-420c-4e54-a54d-2501399747dc][tid:478][com.facebook.buck.apple.AppleCxxPlatforms] /Applications/Xcode.app/Contents/Developer/Platforms/iPhoneSimulator.platform/version.plist does not exist. Build version will be unset for this platform.
[2017-12-22 15:14:10.575][debug][command:39b2486f-420c-4e54-a54d-2501399747dc][tid:478][com.facebook.buck.apple.AppleCxxPlatforms] Apple toolchain path: /Applications/Xcode.app/Contents/Developer/Toolchains/XcodeDefault.xctoolchain
[2017-12-22 15:14:10.575][debug][command:39b2486f-420c-4e54-a54d-2501399747dc][tid:478][com.facebook.buck.apple.AppleCxxPlatforms] Headers verification platform whitelist: [^\Q/Applications/Xcode.app/Contents/Developer/Platforms/iPhoneSimulator.platform/Developer/Library/Frameworks\E\/.*, ^\Q/Applications/Xcode.app/Contents/Developer/Platforms/iPhoneSimulator.platform/Developer/SDKs/iPhoneSimulator.sdk\E\/.*, ^\Q/Applications/Xcode.app/Contents/Developer/Toolchains/XcodeDefault.xctoolchain\E\/.*]
[2017-12-22 15:14:10.600][debug][command:null][tid:497][com.facebook.buck.util.ListeningProcessExecutor] Wait for process returned 4
[2017-12-22 15:14:10.600][debug][command:null][tid:497][com.facebook.buck.util.ListeningProcessExecutor] Destroying process com.facebook.buck.util.ListeningProcessExecutor$LaunchedProcessImpl@31ba8d0b (force true)
[2017-12-22 15:14:10.600][debug][command:null][tid:497][com.facebook.buck.util.environment.MacNetworkConfiguration] Determine active state of media for device
[2017-12-22 15:14:10.600][debug][command:null][tid:497][com.facebook.buck.util.ListeningProcessExecutor] Launching process with params ProcessExecutorParams{command=[networksetup, -getMedia, lpss-serial2]}
[2017-12-22 15:14:10.601][debug][command:39b2486f-420c-4e54-a54d-2501399747dc][tid:478][com.facebook.buck.apple.AppleCxxPlatforms] Xcode build version is: 9C40b
[2017-12-22 15:14:10.602][warn ][command:39b2486f-420c-4e54-a54d-2501399747dc][tid:478][com.facebook.buck.apple.AppleCxxPlatforms] /Applications/Xcode.app/Contents/Developer/Platforms/iPhoneSimulator.platform/version.plist does not exist. Build version will be unset for this platform.
[2017-12-22 15:14:10.602][debug][command:39b2486f-420c-4e54-a54d-2501399747dc][tid:478][com.facebook.buck.apple.AppleCxxPlatforms] Apple toolchain path: /Applications/Xcode.app/Contents/Developer/Toolchains/XcodeDefault.xctoolchain
[2017-12-22 15:14:10.602][debug][command:39b2486f-420c-4e54-a54d-2501399747dc][tid:478][com.facebook.buck.apple.AppleCxxPlatforms] Headers verification platform whitelist: [^\Q/Applications/Xcode.app/Contents/Developer/Platforms/iPhoneSimulator.platform/Developer/Library/Frameworks\E\/.*, ^\Q/Applications/Xcode.app/Contents/Developer/Platforms/iPhoneSimulator.platform/Developer/SDKs/iPhoneSimulator.sdk\E\/.*, ^\Q/Applications/Xcode.app/Contents/Developer/Toolchains/XcodeDefault.xctoolchain\E\/.*]
[2017-12-22 15:14:10.603][debug][command:39b2486f-420c-4e54-a54d-2501399747dc][tid:478][com.facebook.buck.apple.AppleCxxPlatforms] SDK AppleSdk{name=appletvos, version=11.2, applePlatform=ApplePlatform{name=appletvos, provisioningProfileName=tvOS, architectures=[arm64], minVersionFlagPrefix=-mtvos-version-min=, appIncludesFrameworks=false}, architectures=[arm64], toolchains=[AppleToolchain{identifier=com.apple.dt.toolchain.XcodeDefault, path=/Applications/Xcode.app/Contents/Developer/Toolchains/XcodeDefault.xctoolchain}]} using default version 11.2
[2017-12-22 15:14:10.604][debug][command:39b2486f-420c-4e54-a54d-2501399747dc][tid:478][com.facebook.buck.apple.AppleCxxPlatforms] Xcode build version is: 9C40b
[2017-12-22 15:14:10.606][debug][command:39b2486f-420c-4e54-a54d-2501399747dc][tid:478][com.facebook.buck.apple.AppleCxxPlatforms] Apple toolchain path: /Applications/Xcode.app/Contents/Developer/Toolchains/XcodeDefault.xctoolchain
[2017-12-22 15:14:10.606][debug][command:39b2486f-420c-4e54-a54d-2501399747dc][tid:478][com.facebook.buck.apple.AppleCxxPlatforms] Headers verification platform whitelist: [^\Q/Applications/Xcode.app/Contents/Developer/Platforms/AppleTVOS.platform/Developer/Library/Frameworks\E\/.*, ^\Q/Applications/Xcode.app/Contents/Developer/Platforms/AppleTVOS.platform/Developer/SDKs/AppleTVOS.sdk\E\/.*, ^\Q/Applications/Xcode.app/Contents/Developer/Toolchains/XcodeDefault.xctoolchain\E\/.*]
[2017-12-22 15:14:10.606][debug][command:39b2486f-420c-4e54-a54d-2501399747dc][tid:478][com.facebook.buck.apple.AppleCxxPlatforms] SDK AppleSdk{name=appletvsimulator, version=11.2, applePlatform=ApplePlatform{name=appletvsimulator, swiftName=tvos, architectures=[x86_64], minVersionFlagPrefix=-mtvos-simulator-version-min=, appIncludesFrameworks=false}, architectures=[x86_64], toolchains=[AppleToolchain{identifier=com.apple.dt.toolchain.XcodeDefault, path=/Applications/Xcode.app/Contents/Developer/Toolchains/XcodeDefault.xctoolchain}]} using default version 11.2
[2017-12-22 15:14:10.608][debug][command:39b2486f-420c-4e54-a54d-2501399747dc][tid:478][com.facebook.buck.apple.AppleCxxPlatforms] Xcode build version is: 9C40b
[2017-12-22 15:14:10.609][debug][command:null][tid:497][com.facebook.buck.util.ListeningProcessExecutor] Successfully launched process com.zaxxer.nuprocess.osx.OsxProcess@1de8c60c
[2017-12-22 15:14:10.609][debug][command:null][tid:497][com.facebook.buck.util.ListeningProcessExecutor] Waiting for process com.facebook.buck.util.ListeningProcessExecutor$LaunchedProcessImpl@3eabb4ed timeout 1000 MILLISECONDS
[2017-12-22 15:14:10.614][warn ][command:39b2486f-420c-4e54-a54d-2501399747dc][tid:478][com.facebook.buck.apple.AppleCxxPlatforms] /Applications/Xcode.app/Contents/Developer/Platforms/AppleTVSimulator.platform/version.plist does not exist. Build version will be unset for this platform.
[2017-12-22 15:14:10.661][debug][command:39b2486f-420c-4e54-a54d-2501399747dc][tid:478][com.facebook.buck.apple.AppleCxxPlatforms] Apple toolchain path: /Applications/Xcode.app/Contents/Developer/Toolchains/XcodeDefault.xctoolchain
[2017-12-22 15:14:10.661][debug][command:39b2486f-420c-4e54-a54d-2501399747dc][tid:478][com.facebook.buck.apple.AppleCxxPlatforms] Headers verification platform whitelist: [^\Q/Applications/Xcode.app/Contents/Developer/Platforms/AppleTVSimulator.platform/Developer/Library/Frameworks\E\/.*, ^\Q/Applications/Xcode.app/Contents/Developer/Platforms/AppleTVSimulator.platform/Developer/SDKs/AppleTVSimulator.sdk\E\/.*, ^\Q/Applications/Xcode.app/Contents/Developer/Toolchains/XcodeDefault.xctoolchain\E\/.*]
[2017-12-22 15:14:10.662][debug][command:39b2486f-420c-4e54-a54d-2501399747dc][tid:478][com.facebook.buck.apple.AppleCxxPlatforms] SDK AppleSdk{name=iphoneos, version=11.2, applePlatform=ApplePlatform{name=iphoneos, swiftName=ios, provisioningProfileName=iOS, architectures=[armv7, arm64], minVersionFlagPrefix=-mios-version-min=, stubBinaryPath=Library/Application Support/WatchKit/WK, appIncludesFrameworks=false}, architectures=[armv7, arm64], toolchains=[AppleToolchain{identifier=com.apple.dt.toolchain.XcodeDefault, path=/Applications/Xcode.app/Contents/Developer/Toolchains/XcodeDefault.xctoolchain}]} using default version 11.2
[2017-12-22 15:14:10.663][debug][command:39b2486f-420c-4e54-a54d-2501399747dc][tid:478][com.facebook.buck.apple.AppleCxxPlatforms] Xcode build version is: 9C40b
[2017-12-22 15:14:10.666][debug][command:39b2486f-420c-4e54-a54d-2501399747dc][tid:478][com.facebook.buck.apple.AppleCxxPlatforms] Apple toolchain path: /Applications/Xcode.app/Contents/Developer/Toolchains/XcodeDefault.xctoolchain
[2017-12-22 15:14:10.666][debug][command:39b2486f-420c-4e54-a54d-2501399747dc][tid:478][com.facebook.buck.apple.AppleCxxPlatforms] Headers verification platform whitelist: [^\Q/Applications/Xcode.app/Contents/Developer/Platforms/iPhoneOS.platform/Developer/Library/Frameworks\E\/.*, ^\Q/Applications/Xcode.app/Contents/Developer/Platforms/iPhoneOS.platform/Developer/SDKs/iPhoneOS.sdk\E\/.*, ^\Q/Applications/Xcode.app/Contents/Developer/Toolchains/XcodeDefault.xctoolchain\E\/.*]
[2017-12-22 15:14:10.671][debug][command:null][tid:497][com.facebook.buck.util.ListeningProcessExecutor] Wait for process returned 4
[2017-12-22 15:14:10.671][debug][command:null][tid:497][com.facebook.buck.util.ListeningProcessExecutor] Destroying process com.facebook.buck.util.ListeningProcessExecutor$LaunchedProcessImpl@3eabb4ed (force true)
[2017-12-22 15:14:10.671][debug][command:null][tid:497][com.facebook.buck.util.environment.MacNetworkConfiguration] Determine active state of media for device
[2017-12-22 15:14:10.671][debug][command:null][tid:497][com.facebook.buck.util.ListeningProcessExecutor] Launching process with params ProcessExecutorParams{command=[networksetup, -getMedia, en8]}
[2017-12-22 15:14:10.672][debug][command:39b2486f-420c-4e54-a54d-2501399747dc][tid:478][com.facebook.buck.apple.AppleCxxPlatforms] Xcode build version is: 9C40b
[2017-12-22 15:14:10.676][debug][command:null][tid:497][com.facebook.buck.util.ListeningProcessExecutor] Successfully launched process com.zaxxer.nuprocess.osx.OsxProcess@63b16686
[2017-12-22 15:14:10.676][debug][command:null][tid:497][com.facebook.buck.util.ListeningProcessExecutor] Waiting for process com.facebook.buck.util.ListeningProcessExecutor$LaunchedProcessImpl@6067d2e timeout 1000 MILLISECONDS
[2017-12-22 15:14:10.677][debug][command:39b2486f-420c-4e54-a54d-2501399747dc][tid:478][com.facebook.buck.apple.AppleCxxPlatforms] Apple toolchain path: /Applications/Xcode.app/Contents/Developer/Toolchains/XcodeDefault.xctoolchain
[2017-12-22 15:14:10.677][debug][command:39b2486f-420c-4e54-a54d-2501399747dc][tid:478][com.facebook.buck.apple.AppleCxxPlatforms] Headers verification platform whitelist: [^\Q/Applications/Xcode.app/Contents/Developer/Platforms/iPhoneOS.platform/Developer/Library/Frameworks\E\/.*, ^\Q/Applications/Xcode.app/Contents/Developer/Platforms/iPhoneOS.platform/Developer/SDKs/iPhoneOS.sdk\E\/.*, ^\Q/Applications/Xcode.app/Contents/Developer/Toolchains/XcodeDefault.xctoolchain\E\/.*]
[2017-12-22 15:14:10.678][debug][command:39b2486f-420c-4e54-a54d-2501399747dc][tid:478][com.facebook.buck.apple.AppleCxxPlatforms] SDK AppleSdk{name=iphonesimulator, version=11.2, applePlatform=ApplePlatform{name=iphonesimulator, swiftName=ios, architectures=[i386, x86_64], minVersionFlagPrefix=-mios-simulator-version-min=, stubBinaryPath=Library/Application Support/WatchKit/WK, appIncludesFrameworks=false}, architectures=[i386, x86_64], toolchains=[AppleToolchain{identifier=com.apple.dt.toolchain.XcodeDefault, path=/Applications/Xcode.app/Contents/Developer/Toolchains/XcodeDefault.xctoolchain}]} using default version 11.2
[2017-12-22 15:14:10.679][debug][command:39b2486f-420c-4e54-a54d-2501399747dc][tid:478][com.facebook.buck.apple.AppleCxxPlatforms] Xcode build version is: 9C40b
[2017-12-22 15:14:10.679][warn ][command:39b2486f-420c-4e54-a54d-2501399747dc][tid:478][com.facebook.buck.apple.AppleCxxPlatforms] /Applications/Xcode.app/Contents/Developer/Platforms/iPhoneSimulator.platform/version.plist does not exist. Build version will be unset for this platform.
[2017-12-22 15:14:10.680][debug][command:39b2486f-420c-4e54-a54d-2501399747dc][tid:478][com.facebook.buck.apple.AppleCxxPlatforms] Apple toolchain path: /Applications/Xcode.app/Contents/Developer/Toolchains/XcodeDefault.xctoolchain
[2017-12-22 15:14:10.680][debug][command:39b2486f-420c-4e54-a54d-2501399747dc][tid:478][com.facebook.buck.apple.AppleCxxPlatforms] Headers verification platform whitelist: [^\Q/Applications/Xcode.app/Contents/Developer/Platforms/iPhoneSimulator.platform/Developer/Library/Frameworks\E\/.*, ^\Q/Applications/Xcode.app/Contents/Developer/Platforms/iPhoneSimulator.platform/Developer/SDKs/iPhoneSimulator.sdk\E\/.*, ^\Q/Applications/Xcode.app/Contents/Developer/Toolchains/XcodeDefault.xctoolchain\E\/.*]
[2017-12-22 15:14:10.690][debug][command:39b2486f-420c-4e54-a54d-2501399747dc][tid:478][com.facebook.buck.apple.AppleCxxPlatforms] Xcode build version is: 9C40b
[2017-12-22 15:14:10.692][warn ][command:39b2486f-420c-4e54-a54d-2501399747dc][tid:478][com.facebook.buck.apple.AppleCxxPlatforms] /Applications/Xcode.app/Contents/Developer/Platforms/iPhoneSimulator.platform/version.plist does not exist. Build version will be unset for this platform.
[2017-12-22 15:14:10.692][debug][command:39b2486f-420c-4e54-a54d-2501399747dc][tid:478][com.facebook.buck.apple.AppleCxxPlatforms] Apple toolchain path: /Applications/Xcode.app/Contents/Developer/Toolchains/XcodeDefault.xctoolchain
[2017-12-22 15:14:10.692][debug][command:39b2486f-420c-4e54-a54d-2501399747dc][tid:478][com.facebook.buck.apple.AppleCxxPlatforms] Headers verification platform whitelist: [^\Q/Applications/Xcode.app/Contents/Developer/Platforms/iPhoneSimulator.platform/Developer/Library/Frameworks\E\/.*, ^\Q/Applications/Xcode.app/Contents/Developer/Platforms/iPhoneSimulator.platform/Developer/SDKs/iPhoneSimulator.sdk\E\/.*, ^\Q/Applications/Xcode.app/Contents/Developer/Toolchains/XcodeDefault.xctoolchain\E\/.*]
[2017-12-22 15:14:10.693][debug][command:39b2486f-420c-4e54-a54d-2501399747dc][tid:478][com.facebook.buck.apple.AppleCxxPlatforms] SDK AppleSdk{name=macosx, version=10.13, applePlatform=ApplePlatform{name=macosx, architectures=[i386, x86_64], minVersionFlagPrefix=-mmacosx-version-min=, appIncludesFrameworks=true}, architectures=[i386, x86_64], toolchains=[AppleToolchain{identifier=com.apple.dt.toolchain.XcodeDefault, path=/Applications/Xcode.app/Contents/Developer/Toolchains/XcodeDefault.xctoolchain}]} using default version 10.13
[2017-12-22 15:14:10.693][debug][command:39b2486f-420c-4e54-a54d-2501399747dc][tid:478][com.facebook.buck.apple.AppleCxxPlatforms] Xcode build version is: 9C40b
[2017-12-22 15:14:10.696][warn ][command:39b2486f-420c-4e54-a54d-2501399747dc][tid:478][com.facebook.buck.apple.AppleCxxPlatforms] In /Applications/Xcode.app/Contents/Developer/Platforms/MacOSX.platform/version.plist, missing ProductBuildVersion. Build version will be unset for this platform.
[2017-12-22 15:14:10.696][debug][command:39b2486f-420c-4e54-a54d-2501399747dc][tid:478][com.facebook.buck.apple.AppleCxxPlatforms] Apple toolchain path: /Applications/Xcode.app/Contents/Developer/Toolchains/XcodeDefault.xctoolchain
[2017-12-22 15:14:10.697][debug][command:39b2486f-420c-4e54-a54d-2501399747dc][tid:478][com.facebook.buck.apple.AppleCxxPlatforms] Headers verification platform whitelist: [^\Q/Applications/Xcode.app/Contents/Developer/Platforms/MacOSX.platform/Developer/Library/Frameworks\E\/.*, ^\Q/Applications/Xcode.app/Contents/Developer/Platforms/MacOSX.platform/Developer/SDKs/MacOSX.sdk\E\/.*, ^\Q/Applications/Xcode.app/Contents/Developer/Toolchains/XcodeDefault.xctoolchain\E\/.*]
[2017-12-22 15:14:10.698][debug][command:39b2486f-420c-4e54-a54d-2501399747dc][tid:478][com.facebook.buck.apple.AppleCxxPlatforms] Xcode build version is: 9C40b
[2017-12-22 15:14:10.701][warn ][command:39b2486f-420c-4e54-a54d-2501399747dc][tid:478][com.facebook.buck.apple.AppleCxxPlatforms] In /Applications/Xcode.app/Contents/Developer/Platforms/MacOSX.platform/version.plist, missing ProductBuildVersion. Build version will be unset for this platform.
[2017-12-22 15:14:10.701][debug][command:39b2486f-420c-4e54-a54d-2501399747dc][tid:478][com.facebook.buck.apple.AppleCxxPlatforms] Apple toolchain path: /Applications/Xcode.app/Contents/Developer/Toolchains/XcodeDefault.xctoolchain
[2017-12-22 15:14:10.701][debug][command:39b2486f-420c-4e54-a54d-2501399747dc][tid:478][com.facebook.buck.apple.AppleCxxPlatforms] Headers verification platform whitelist: [^\Q/Applications/Xcode.app/Contents/Developer/Platforms/MacOSX.platform/Developer/Library/Frameworks\E\/.*, ^\Q/Applications/Xcode.app/Contents/Developer/Platforms/MacOSX.platform/Developer/SDKs/MacOSX.sdk\E\/.*, ^\Q/Applications/Xcode.app/Contents/Developer/Toolchains/XcodeDefault.xctoolchain\E\/.*]
[2017-12-22 15:14:10.701][debug][command:39b2486f-420c-4e54-a54d-2501399747dc][tid:478][com.facebook.buck.apple.AppleCxxPlatforms] SDK AppleSdk{name=watchos, version=4.2, applePlatform=ApplePlatform{name=watchos, provisioningProfileName=iOS, architectures=[armv7k], minVersionFlagPrefix=-mwatchos-version-min=, stubBinaryPath=Library/Application Support/WatchKit/WK, appIncludesFrameworks=false}, architectures=[armv7k], toolchains=[AppleToolchain{identifier=com.apple.dt.toolchain.XcodeDefault, path=/Applications/Xcode.app/Contents/Developer/Toolchains/XcodeDefault.xctoolchain}]} using default version 4.2
[2017-12-22 15:14:10.702][debug][command:39b2486f-420c-4e54-a54d-2501399747dc][tid:478][com.facebook.buck.apple.AppleCxxPlatforms] Xcode build version is: 9C40b
[2017-12-22 15:14:10.704][debug][command:39b2486f-420c-4e54-a54d-2501399747dc][tid:478][com.facebook.buck.apple.AppleCxxPlatforms] Apple toolchain path: /Applications/Xcode.app/Contents/Developer/Toolchains/XcodeDefault.xctoolchain
[2017-12-22 15:14:10.704][debug][command:39b2486f-420c-4e54-a54d-2501399747dc][tid:478][com.facebook.buck.apple.AppleCxxPlatforms] Headers verification platform whitelist: [^\Q/Applications/Xcode.app/Contents/Developer/Platforms/WatchOS.platform/Developer/Library/Frameworks\E\/.*, ^\Q/Applications/Xcode.app/Contents/Developer/Platforms/WatchOS.platform/Developer/SDKs/WatchOS.sdk\E\/.*, ^\Q/Applications/Xcode.app/Contents/Developer/Toolchains/XcodeDefault.xctoolchain\E\/.*]
[2017-12-22 15:14:10.704][debug][command:39b2486f-420c-4e54-a54d-2501399747dc][tid:478][com.facebook.buck.apple.AppleCxxPlatforms] SDK AppleSdk{name=watchsimulator, version=4.2, applePlatform=ApplePlatform{name=watchsimulator, architectures=[i386], minVersionFlagPrefix=-mwatchos-simulator-version-min=, stubBinaryPath=Library/Application Support/WatchKit/WK, appIncludesFrameworks=false}, architectures=[i386], toolchains=[AppleToolchain{identifier=com.apple.dt.toolchain.XcodeDefault, path=/Applications/Xcode.app/Contents/Developer/Toolchains/XcodeDefault.xctoolchain}]} using default version 4.2
[2017-12-22 15:14:10.705][debug][command:39b2486f-420c-4e54-a54d-2501399747dc][tid:478][com.facebook.buck.apple.AppleCxxPlatforms] Xcode build version is: 9C40b
[2017-12-22 15:14:10.707][debug][command:39b2486f-420c-4e54-a54d-2501399747dc][tid:478][com.facebook.buck.apple.AppleCxxPlatforms] Apple toolchain path: /Applications/Xcode.app/Contents/Developer/Toolchains/XcodeDefault.xctoolchain
[2017-12-22 15:14:10.707][debug][command:39b2486f-420c-4e54-a54d-2501399747dc][tid:478][com.facebook.buck.apple.AppleCxxPlatforms] Headers verification platform whitelist: [^\Q/Applications/Xcode.app/Contents/Developer/Platforms/WatchSimulator.platform/Developer/Library/Frameworks\E\/.*, ^\Q/Applications/Xcode.app/Contents/Developer/Platforms/WatchSimulator.platform/Developer/SDKs/WatchSimulator.sdk\E\/.*, ^\Q/Applications/Xcode.app/Contents/Developer/Toolchains/XcodeDefault.xctoolchain\E\/.*]
[2017-12-22 15:14:10.708][debug][command:39b2486f-420c-4e54-a54d-2501399747dc][tid:478][com.facebook.buck.io.ExecutableFinder] Executable 'clang' mapped to 'Optional[/usr/bin/clang]'
[2017-12-22 15:14:10.709][debug][command:39b2486f-420c-4e54-a54d-2501399747dc][tid:478][com.facebook.buck.io.ExecutableFinder] Executable 'clang++' mapped to 'Optional[/usr/bin/clang++]'
[2017-12-22 15:14:10.709][debug][command:39b2486f-420c-4e54-a54d-2501399747dc][tid:478][com.facebook.buck.io.ExecutableFinder] Executable 'ar' mapped to 'Optional[/usr/bin/ar]'
[2017-12-22 15:14:10.710][debug][command:39b2486f-420c-4e54-a54d-2501399747dc][tid:478][com.facebook.buck.io.ExecutableFinder] Executable 'strip' mapped to 'Optional[/usr/bin/strip]'
[2017-12-22 15:14:10.711][debug][command:39b2486f-420c-4e54-a54d-2501399747dc][tid:478][com.facebook.buck.io.ExecutableFinder] Executable 'ranlib' mapped to 'Optional[/usr/bin/ranlib]'
[2017-12-22 15:14:10.712][debug][command:39b2486f-420c-4e54-a54d-2501399747dc][tid:478][com.facebook.buck.io.ExecutableFinder] Executable 'nm' mapped to 'Optional[/usr/bin/nm]'
[2017-12-22 15:14:10.712][debug][command:39b2486f-420c-4e54-a54d-2501399747dc][tid:478][com.facebook.buck.cxx.toolchain.CxxPlatforms] Using config default C++ platform CxxPlatform{flavor=iphonesimulator-x86_64, as=com.facebook.buck.cxx.toolchain.CompilerProvider@7bbc4c96, asflags=[-isysroot, /Applications/Xcode.app/Contents/Developer/Platforms/iPhoneSimulator.platform/Developer/SDKs/iPhoneSimulator.sdk, -arch, x86_64, -mios-simulator-version-min=11.2, -iquote, /Users/remirobert/dev/Dog-project], aspp=com.facebook.buck.cxx.toolchain.PreprocessorProvider@16a1ff8e, asppflags=[], cc=com.facebook.buck.cxx.toolchain.CompilerProvider@e2b790f, cflags=[-isysroot, /Applications/Xcode.app/Contents/Developer/Platforms/iPhoneSimulator.platform/Developer/SDKs/iPhoneSimulator.sdk, -arch, x86_64, -mios-simulator-version-min=11.2, -iquote, /Users/remirobert/dev/Dog-project, -std=gnu11], cxx=com.facebook.buck.cxx.toolchain.CompilerProvider@2f5ec521, cxxflags=[-isysroot, /Applications/Xcode.app/Contents/Developer/Platforms/iPhoneSimulator.platform/Developer/SDKs/iPhoneSimulator.sdk, -arch, x86_64, -mios-simulator-version-min=11.2, -iquote, /Users/remirobert/dev/Dog-project, -std=c++14, -stdlib=libc++], cpp=com.facebook.buck.cxx.toolchain.PreprocessorProvider@361ff4a0, cppflags=[], cxxpp=com.facebook.buck.cxx.toolchain.PreprocessorProvider@2fdb2062, cxxppflags=[], cudappflags=[], cudaflags=[], asmppflags=[], asmflags=[], ld=com.facebook.buck.cxx.toolchain.linker.DefaultLinkerProvider@7aedd797, ldflags=[-isysroot, /Applications/Xcode.app/Contents/Developer/Platforms/iPhoneSimulator.platform/Developer/SDKs/iPhoneSimulator.sdk, -arch, x86_64, -mios-simulator-version-min=11.2, -iquote, /Users/remirobert/dev/Dog-project, -Wl,-sdk_version, -Wl,11.2, -Wl,-ObjC], runtimeLdflags={}, strip=VersionedTool{path=/Applications/Xcode.app/Contents/Developer/Toolchains/XcodeDefault.xctoolchain/usr/bin/strip, extraArgs=[], name=apple-strip, version=11.2:9C40b}, stripFlags=[], ar=com.facebook.buck.cxx.toolchain.ArchiverProvider$1@23c36226, arflags=[], ranlib=com.facebook.buck.rules.ConstantToolProvider@6ab0280a, ranlibflags=[], symbolNameTool=com.facebook.buck.cxx.toolchain.LazyDelegatingSymbolNameTool@1c1edd0e, sharedLibraryExtension=dylib, sharedLibraryVersionedExtensionFormat=%s.dylib, staticLibraryExtension=a, objectFileExtension=o, compilerDebugPathSanitizer=com.facebook.buck.cxx.toolchain.PrefixMapDebugPathSanitizer@85bf075, assemblerDebugPathSanitizer=com.facebook.buck.cxx.toolchain.MungingDebugPathSanitizer@30b1610a, headerVerification=HeaderVerification{mode=IGNORE, whitelist=[], platformWhitelist=[^\Q/Applications/Xcode.app/Contents/Developer/Platforms/iPhoneSimulator.platform/Developer/Library/Frameworks\E\/.*, ^\Q/Applications/Xcode.app/Contents/Developer/Platforms/iPhoneSimulator.platform/Developer/SDKs/iPhoneSimulator.sdk\E\/.*, ^\Q/Applications/Xcode.app/Contents/Developer/Toolchains/XcodeDefault.xctoolchain\E\/.*], whitelistPatterns=[^\Q/Applications/Xcode.app/Contents/Developer/Platforms/iPhoneSimulator.platform/Developer/Library/Frameworks\E\/.*, ^\Q/Applications/Xcode.app/Contents/Developer/Platforms/iPhoneSimulator.platform/Developer/SDKs/iPhoneSimulator.sdk\E\/.*, ^\Q/Applications/Xcode.app/Contents/Developer/Toolchains/XcodeDefault.xctoolchain\E\/.*]}, flagMacros={SDKROOT=/Applications/Xcode.app/Contents/Developer/Platforms/iPhoneSimulator.platform/Developer/SDKs/iPhoneSimulator.sdk, PLATFORM_DIR=/Applications/Xcode.app/Contents/Developer/Platforms/iPhoneSimulator.platform, CURRENT_ARCH=x86_64, DEVELOPER_DIR=/Applications/Xcode.app/Contents/Developer}, publicHeadersSymlinksEnabled=true, privateHeadersSymlinksEnabled=true}
[2017-12-22 15:14:10.713][debug][command:39b2486f-420c-4e54-a54d-2501399747dc][tid:478][com.facebook.buck.io.ExecutableFinder] Executable 'python2' mapped to 'Optional[/usr/local/bin/python2]'
[2017-12-22 15:14:10.726][debug][command:null][tid:497][com.facebook.buck.util.ListeningProcessExecutor] Wait for process returned 4
[2017-12-22 15:14:10.727][debug][command:null][tid:497][com.facebook.buck.util.ListeningProcessExecutor] Destroying process com.facebook.buck.util.ListeningProcessExecutor$LaunchedProcessImpl@6067d2e (force true)
[2017-12-22 15:14:10.727][debug][command:null][tid:497][com.facebook.buck.util.environment.MacNetworkConfiguration] Determine active state of media for device
[2017-12-22 15:14:10.727][debug][command:null][tid:497][com.facebook.buck.util.ListeningProcessExecutor] Launching process with params ProcessExecutorParams{command=[networksetup, -getMedia, en10]}
[2017-12-22 15:14:10.728][debug][command:null][tid:497][com.facebook.buck.util.ListeningProcessExecutor] Successfully launched process com.zaxxer.nuprocess.osx.OsxProcess@5d051344
[2017-12-22 15:14:10.728][debug][command:null][tid:497][com.facebook.buck.util.ListeningProcessExecutor] Waiting for process com.facebook.buck.util.ListeningProcessExecutor$LaunchedProcessImpl@3eeac8d5 timeout 1000 MILLISECONDS
[2017-12-22 15:14:10.759][debug][command:39b2486f-420c-4e54-a54d-2501399747dc][tid:478][com.facebook.buck.apple.ProvisioningProfileStore] Provisioning profile search path: /Users/remirobert/Library/MobileDevice/Provisioning Profiles
[2017-12-22 15:14:10.770][debug][command:null][tid:497][com.facebook.buck.util.ListeningProcessExecutor] Wait for process returned 4
[2017-12-22 15:14:10.771][debug][command:null][tid:497][com.facebook.buck.util.ListeningProcessExecutor] Destroying process com.facebook.buck.util.ListeningProcessExecutor$LaunchedProcessImpl@3eeac8d5 (force true)
[2017-12-22 15:14:10.771][debug][command:null][tid:497][com.facebook.buck.util.environment.MacNetworkConfiguration] Determine active state of media for device
[2017-12-22 15:14:10.776][debug][command:null][tid:497][com.facebook.buck.util.ListeningProcessExecutor] Launching process with params ProcessExecutorParams{command=[networksetup, -getMedia, en9]}
[2017-12-22 15:14:10.778][debug][command:null][tid:497][com.facebook.buck.util.ListeningProcessExecutor] Successfully launched process com.zaxxer.nuprocess.osx.OsxProcess@56070cd8
[2017-12-22 15:14:10.778][debug][command:null][tid:497][com.facebook.buck.util.ListeningProcessExecutor] Waiting for process com.facebook.buck.util.ListeningProcessExecutor$LaunchedProcessImpl@635df43b timeout 1000 MILLISECONDS
[2017-12-22 15:14:10.780][debug][command:39b2486f-420c-4e54-a54d-2501399747dc][tid:478][com.facebook.buck.parser.DaemonicParserState] Starting to invalidate caches for /Users/remirobert/dev/Dog-project..
[2017-12-22 15:14:10.780][debug][command:39b2486f-420c-4e54-a54d-2501399747dc][tid:478][com.facebook.buck.parser.DaemonicParserState] Cell caches were empty, no data invalidated.
[2017-12-22 15:14:10.782][debug][command:39b2486f-420c-4e54-a54d-2501399747dc][tid:500][com.facebook.buck.io.ExecutableFinder] Executable 'python2' mapped to 'Optional[/usr/local/bin/python2]'
[2017-12-22 15:14:10.783][debug][command:39b2486f-420c-4e54-a54d-2501399747dc][tid:500][com.facebook.buck.json.BuckPythonProgram] Writing python rules stub to /Users/remirobert/dev/Dog-project/.buckd/tmp/buck_run.On_K6F/buck_python_program1725993584784918359.
[2017-12-22 15:14:10.810][debug][command:39b2486f-420c-4e54-a54d-2501399747dc][tid:500][com.facebook.buck.json.BuckPythonProgram] Created temporary buck.py instance at /Users/remirobert/dev/Dog-project/.buckd/tmp/buck_run.On_K6F/buck_python_program1725993584784918359.
[2017-12-22 15:14:10.812][debug][command:39b2486f-420c-4e54-a54d-2501399747dc][tid:500][com.facebook.buck.json.PythonDslProjectBuildFileParser] Starting buck.py command: [/usr/local/bin/python2, -u, /Users/remirobert/dev/Dog-project/.buckd/tmp/buck_run.On_K6F/buck_python_program1725993584784918359/__main__.py, --allow_empty_globs, --watchman_glob_stat_results, --watchman_use_glob_generator, --watchman_socket_path, /usr/local/var/run/watchman/remirobert-state/sock, --project_root, /Users/remirobert/dev/Dog-project, --cell_name, , --build_file_name, BUCK, --quiet, --config, /Users/remirobert/dev/Dog-project/.buckd/tmp/buck_run.On_K6F/raw_config772206921304716726.json, --ignore_paths, /Users/remirobert/dev/Dog-project/.buckd/tmp/buck_run.On_K6F/ignore_paths6785876235314405460.json] environment: Optional[{TERM_SESSION_ID=w0t0p0:EE64A840-2578-458D-BE97-3AC358615841, SSH_AUTH_SOCK=/private/tmp/com.apple.launchd.TBrwwWW0Rh/Listeners, NAILGUN_FILESEPARATOR=/, NAILGUN_TTY_2=1, NAILGUN_TTY_1=1, PATH=/Users/remirobert/.nvm/versions/node/v6.11.4/bin:/Users/remirobert/.cargo/bin:/usr/local/bin:/usr/bin:/bin:/usr/sbin:/sbin:/usr/local/go/bin://Users/remirobert/go/bin, GOPATH=/Users/remirobert/go, NAILGUN_TTY_0=1, LC_CTYPE=UTF-8, LOGNAME=remirobert, COLORTERM=truecolor, SHLVL=1, ITERM_SESSION_ID=w0t0p0:EE64A840-2578-458D-BE97-3AC358615841, PAGER=less, TERM_PROGRAM=iTerm.app, BUCK_CLASSPATH=/Users/remirobert/dev/Dog-project/.buckd/resources/v2017.11.16.01/buck_server, NVM_BIN=/Users/remirobert/.nvm/versions/node/v6.11.4/bin, LESS=-R, SHELL=/bin/zsh, BUCK_PYTHON_SPACE_INIT_TIME=75, COMMAND_MODE=unix2003, BUCK_TTY=1, SECURITYSESSIONID=186a8, XPC_FLAGS=0x0, BUCK_TERM_COLUMNS=238, __CF_USER_TEXT_ENCODING=0x1F5:0x0:0x0, LANG=en_US.UTF-8, ITERM_PROFILE=Default, COLORFGBG=7;0, LSCOLORS=Gxfxcxdxbxegedabagacad, OLDPWD=/Users/remirobert/dev, HOME=/Users/remirobert, TMPDIR=/var/folders/lh/n146krrx0fb8mcsklb88c5540000gn/T/, XPC_SERVICE_NAME=0, PWD=/Users/remirobert/dev/Dog-project, TERM_PROGRAM_VERSION=3.1.5, ZSH=/Users/remirobert/.oh-my-zsh, LC_ALL=en_US.UTF-8, NAILGUN_PATHSEPARATOR=:, USER=remirobert, Apple_PubSub_Socket_Render=/private/tmp/com.apple.launchd.zKe0LZA76i/Render, TERM=xterm-256color, CLASSPATH=/Users/remirobert/dev/Dog-project/.buckd/resources/v2017.11.16.01/bootstrapper_jar, NVM_DIR=/Users/remirobert/.nvm, NVM_CD_FLAGS=-q, BUCK_BUILD_ID=39b2486f-420c-4e54-a54d-2501399747dc, _=/usr/local/bin/buck}]
[2017-12-22 15:14:10.816][debug][command:39b2486f-420c-4e54-a54d-2501399747dc][tid:500][com.facebook.buck.json.PythonDslProjectBuildFileParser] Started process com.facebook.buck.util.ProcessExecutor$LaunchedProcessImpl@33adcac0 successfully
[2017-12-22 15:14:10.824][debug][command:null][tid:497][com.facebook.buck.util.ListeningProcessExecutor] Wait for process returned 4
[2017-12-22 15:14:10.824][debug][command:null][tid:497][com.facebook.buck.util.ListeningProcessExecutor] Destroying process com.facebook.buck.util.ListeningProcessExecutor$LaunchedProcessImpl@635df43b (force true)
[2017-12-22 15:14:10.824][debug][command:null][tid:497][com.facebook.buck.util.environment.MacNetworkConfiguration] Determine active state of media for device
[2017-12-22 15:14:10.824][debug][command:null][tid:497][com.facebook.buck.util.ListeningProcessExecutor] Launching process with params ProcessExecutorParams{command=[networksetup, -getMedia, en0]}
[2017-12-22 15:14:10.825][debug][command:null][tid:497][com.facebook.buck.util.ListeningProcessExecutor] Successfully launched process com.zaxxer.nuprocess.osx.OsxProcess@16b75427
[2017-12-22 15:14:10.825][debug][command:null][tid:497][com.facebook.buck.util.ListeningProcessExecutor] Waiting for process com.facebook.buck.util.ListeningProcessExecutor$LaunchedProcessImpl@7ef39a44 timeout 1000 MILLISECONDS
[2017-12-22 15:14:10.865][debug][command:null][tid:497][com.facebook.buck.util.ListeningProcessExecutor] Wait for process returned 0
[2017-12-22 15:14:10.865][debug][command:null][tid:497][com.facebook.buck.util.ListeningProcessExecutor] Destroying process com.facebook.buck.util.ListeningProcessExecutor$LaunchedProcessImpl@7ef39a44 (force true)
[2017-12-22 15:14:10.865][debug][command:null][tid:497][com.facebook.buck.util.environment.MacNetworkConfiguration] Determine WiFi SSID of device
[2017-12-22 15:14:10.865][debug][command:null][tid:497][com.facebook.buck.util.ListeningProcessExecutor] Launching process with params ProcessExecutorParams{command=[networksetup, -getairportnetwork, en0]}
[2017-12-22 15:14:10.866][debug][command:null][tid:497][com.facebook.buck.util.ListeningProcessExecutor] Successfully launched process com.zaxxer.nuprocess.osx.OsxProcess@107c288e
[2017-12-22 15:14:10.867][debug][command:null][tid:497][com.facebook.buck.util.ListeningProcessExecutor] Waiting for process com.facebook.buck.util.ListeningProcessExecutor$LaunchedProcessImpl@1c0cfa96 timeout 1000 MILLISECONDS
[2017-12-22 15:14:10.911][debug][command:null][tid:497][com.facebook.buck.util.ListeningProcessExecutor] Wait for process returned 0
[2017-12-22 15:14:10.911][debug][command:null][tid:497][com.facebook.buck.util.ListeningProcessExecutor] Destroying process com.facebook.buck.util.ListeningProcessExecutor$LaunchedProcessImpl@1c0cfa96 (force true)
[2017-12-22 15:14:10.911][info ][command:null][tid:497][com.facebook.buck.util.versioncontrol.VersionControlStatsGenerator] Starting generation of version control stats.
[2017-12-22 15:14:10.911][warn ][command:null][tid:497][com.facebook.buck.util.versioncontrol.VersionControlStatsGenerator] Skipping generation of version control stats as unsupported repository type.
[2017-12-22 15:14:11.080][debug][command:39b2486f-420c-4e54-a54d-2501399747dc][tid:478][com.facebook.buck.rules.ActionGraphCache] Computing TargetGraph HashCode...
[2017-12-22 15:14:11.080][info ][command:39b2486f-420c-4e54-a54d-2501399747dc][tid:478][com.facebook.buck.rules.ActionGraphCache] ActionGraph cache miss. Cache was empty.
[2017-12-22 15:14:11.081][debug][command:null][tid:505][com.facebook.buck.json.PythonDslProjectBuildFileParser] Closing buck.py process stdin
[2017-12-22 15:14:11.090][info ][command:39b2486f-420c-4e54-a54d-2501399747dc][tid:478][com.facebook.buck.rules.ActionGraphCache] ActionGraph cache assignment. skipActionGraphCache? false
[2017-12-22 15:14:11.090][debug][command:39b2486f-420c-4e54-a54d-2501399747dc][tid:478][com.facebook.buck.rules.MetadataChecker] Checking metadata_storage for /Users/remirobert/dev/Dog-project
[2017-12-22 15:14:11.099][warn ][command:39b2486f-420c-4e54-a54d-2501399747dc][tid:504][com.facebook.buck.rules.keys.RuleKeyBuilder] Attempting to add absolute path to rule key. Only using file name: /usr/bin/codesign
[2017-12-22 15:14:11.111][info ][command:39b2486f-420c-4e54-a54d-2501399747dc][tid:478][com.facebook.buck.cli.Main] Awaiting termination of HTTP Write executor service. Waiting for all jobs to complete, or up to maximum of 1800 seconds...
[2017-12-22 15:14:11.114][info ][command:39b2486f-420c-4e54-a54d-2501399747dc][tid:478][com.facebook.buck.cli.Main] Awaiting termination of CounterAggregatorExecutor executor service. Waiting for all jobs to complete, or up to maximum of 20 seconds...
[2017-12-22 15:14:11.114][debug][command:39b2486f-420c-4e54-a54d-2501399747dc][tid:493][com.facebook.buck.util.perf.ProcessTracker] shutDown
[2017-12-22 15:14:11.114][debug][command:39b2486f-420c-4e54-a54d-2501399747dc][tid:478][com.google.common.util.concurrent.ServiceManager] Service PerfStatsTracking [TERMINATED] has terminated. Previous state was: STOPPING
[2017-12-22 15:14:11.115][info ][command:39b2486f-420c-4e54-a54d-2501399747dc][tid:498][com.facebook.buck.event.listener.LoggingBuildListener] Build finished at 2017-12-22 15:14:11.109
[2017-12-22 15:14:11.117][debug][command:39b2486f-420c-4e54-a54d-2501399747dc][tid:493][com.google.common.util.concurrent.ServiceManager] Service ProcessTracker [TERMINATED] has terminated. Previous state was: STOPPING
[2017-12-22 15:14:11.121][debug][command:39b2486f-420c-4e54-a54d-2501399747dc][tid:478][com.facebook.buck.event.listener.SuperConsoleEventBusListener] Stopping render scheduler
[2017-12-22 15:14:11.126][info ][command:39b2486f-420c-4e54-a54d-2501399747dc][tid:478][com.facebook.buck.cli.Main] Awaiting termination of CPU executor service. Waiting for all jobs to complete, or up to maximum of 60 seconds...
[2017-12-22 15:14:11.126][info ][command:39b2486f-420c-4e54-a54d-2501399747dc][tid:478][com.facebook.buck.cli.Main] Awaiting termination of NETWORK executor service. Waiting for all jobs to complete, or up to maximum of 60 seconds...
[2017-12-22 15:14:11.126][info ][command:39b2486f-420c-4e54-a54d-2501399747dc][tid:478][com.facebook.buck.cli.Main] Awaiting termination of PROJECT executor service. Waiting for all jobs to complete, or up to maximum of 60 seconds...
[2017-12-22 15:14:11.127][info ][command:39b2486f-420c-4e54-a54d-2501399747dc][tid:478][com.facebook.buck.cli.Main] Awaiting termination of ScheduledExecutorService executor service. Waiting for all jobs to complete, or up to maximum of 60 seconds...
[2017-12-22 15:14:11.127][warn ][command:null][tid:482][com.martiansoftware.nailgun.NGInputStream] Nailgun client read future was interrupted
java.lang.InterruptedException
	at java.util.concurrent.FutureTask.awaitDone(FutureTask.java:404)
	at java.util.concurrent.FutureTask.get(FutureTask.java:204)
	at com.martiansoftware.nailgun.NGInputStream$1.run(NGInputStream.java:91)
	at java.util.concurrent.Executors$RunnableAdapter.call(Executors.java:511)
	at java.util.concurrent.FutureTask.run(FutureTask.java:266)
	at java.util.concurrent.ThreadPoolExecutor.runWorker(ThreadPoolExecutor.java:1149)
	at java.util.concurrent.ThreadPoolExecutor$Worker.run(ThreadPoolExecutor.java:624)
	at java.lang.Thread.run(Thread.java:748)

[2017-12-22 15:14:11.127][debug][command:null][tid:482][com.martiansoftware.nailgun.NGInputStream] Nailgun client read shutting down
[2017-12-22 15:14:11.128][info ][command:39b2486f-420c-4e54-a54d-2501399747dc][tid:478][com.facebook.buck.cli.Main] Awaiting termination of Disk IO executor service. Waiting for all jobs to complete, or up to maximum of 10 seconds...
[2017-12-22 15:14:11.128][debug][command:39b2486f-420c-4e54-a54d-2501399747dc][tid:478][com.facebook.buck.event.listener.SuperConsoleEventBusListener] Stopping render scheduler
[2017-12-22 15:14:11.128][debug][command:39b2486f-420c-4e54-a54d-2501399747dc][tid:478][com.facebook.buck.event.listener.ChromeTraceBuildListener] Writing Chrome trace to buck-out/log/2017-12-22_07h14m10s_buildcommand_39b2486f-420c-4e54-a54d-2501399747dc/build.2017-12-22.15-14-10.39b2486f-420c-4e54-a54d-2501399747dc.trace
[2017-12-22 15:14:11.137][debug][command:39b2486f-420c-4e54-a54d-2501399747dc][tid:478][com.facebook.buck.io.WatchmanTransportClient] Closing Watchman transport.
[2017-12-22 15:14:11.159][debug][command:null][tid:478][com.facebook.buck.cli.Main] Done.
[2017-12-22 15:14:11.159][info ][command:null][tid:478][com.martiansoftware.nailgun.NGSession] Server cleanly exited with status 0
com.martiansoftware.nailgun.NGExitException: ExitException: status 0
	at com.martiansoftware.nailgun.NGSecurityManager.checkExit(NGSecurityManager.java:56)
	at java.lang.Runtime.exit(Runtime.java:107)
	at java.lang.System.exit(System.java:971)
	at com.facebook.buck.cli.Main.runMainThenExit(Main.java:432)
	at com.facebook.buck.cli.Main.nailMain(Main.java:1855)
	at sun.reflect.NativeMethodAccessorImpl.invoke0(Native Method)
	at sun.reflect.NativeMethodAccessorImpl.invoke(NativeMethodAccessorImpl.java:62)
	at sun.reflect.DelegatingMethodAccessorImpl.invoke(DelegatingMethodAccessorImpl.java:43)
	at java.lang.reflect.Method.invoke(Method.java:498)
	at com.martiansoftware.nailgun.NGSession.run(NGSession.java:329)

[2017-12-22 15:14:11.167][debug][command:null][tid:478][com.martiansoftware.nailgun.NGSession] Tearing down client socket
[2017-12-22 15:14:11.167][debug][command:null][tid:478][com.martiansoftware.nailgun.NGSession] Flushing client socket
[2017-12-22 15:14:11.167][debug][command:null][tid:478][com.martiansoftware.nailgun.NGSession] Error shutting down socket I/O (this is expected if the client disconnected already)
java.io.IOException: com.sun.jna.LastErrorException: [57] Socket is not connected
	at com.martiansoftware.nailgun.NGUnixDomainSocket.doShutdown(NGUnixDomainSocket.java:74)
	at com.martiansoftware.nailgun.NGUnixDomainSocket.shutdownInput(NGUnixDomainSocket.java:60)
	at com.martiansoftware.nailgun.NGSession.run(NGSession.java:375)
Caused by: com.sun.jna.LastErrorException: [57] Socket is not connected
	at com.martiansoftware.nailgun.NGUnixDomainSocketLibrary.shutdown(Native Method)
	at com.martiansoftware.nailgun.NGUnixDomainSocket.doShutdown(NGUnixDomainSocket.java:71)
	... 2 more

[2017-12-22 15:14:11.167][debug][command:null][tid:478][com.martiansoftware.nailgun.NGSession] Closing client socket
[2017-12-22 15:14:11.168][debug][command:null][tid:478][com.martiansoftware.nailgun.NGSession] Finished tearing down client socket
[2017-12-22 15:14:11.168][debug][command:null][tid:478][com.martiansoftware.nailgun.NGSession] Waiting for next client to connect
[2017-12-22 15:14:11.168][info ][command:null][tid:478][com.martiansoftware.nailgun.NGSession] NGSession shutting down
[2017-12-22 15:14:11.197][debug][command:null][tid:505][com.facebook.buck.json.PythonDslProjectBuildFileParser] Waiting for process com.facebook.buck.util.ProcessExecutor$LaunchedProcessImpl@33adcac0 to exit...
[2017-12-22 15:14:11.198][debug][command:null][tid:505][com.facebook.buck.json.PythonDslProjectBuildFileParser] Process com.facebook.buck.util.ProcessExecutor$LaunchedProcessImpl@33adcac0 exited cleanly.
[2017-12-22 15:14:38.279][debug][command:null][tid:481][com.martiansoftware.nailgun.NGSession] Client connected
[2017-12-22 15:14:38.285][debug][command:null][tid:507][com.martiansoftware.nailgun.NGSession] Waiting for first client to connect
[2017-12-22 15:14:38.290][debug][command:null][tid:481][com.martiansoftware.nailgun.NGSession] Tearing down client socket
[2017-12-22 15:14:38.290][debug][command:null][tid:481][com.martiansoftware.nailgun.NGSession] Flushing client socket
[2017-12-22 15:14:38.290][debug][command:null][tid:481][com.martiansoftware.nailgun.NGSession] Closing client socket
[2017-12-22 15:14:38.291][debug][command:null][tid:481][com.martiansoftware.nailgun.NGSession] Finished tearing down client socket
[2017-12-22 15:14:38.291][debug][command:null][tid:481][com.martiansoftware.nailgun.NGSession] Waiting for next client to connect
[2017-12-22 15:14:38.290][warn ][command:null][tid:508][com.martiansoftware.nailgun.NGInputStream] Nailgun client read future was interrupted
java.lang.InterruptedException
	at java.util.concurrent.FutureTask.awaitDone(FutureTask.java:404)
	at java.util.concurrent.FutureTask.get(FutureTask.java:204)
	at com.martiansoftware.nailgun.NGInputStream$1.run(NGInputStream.java:91)
	at java.util.concurrent.Executors$RunnableAdapter.call(Executors.java:511)
	at java.util.concurrent.FutureTask.run(FutureTask.java:266)
	at java.util.concurrent.ThreadPoolExecutor.runWorker(ThreadPoolExecutor.java:1149)
	at java.util.concurrent.ThreadPoolExecutor$Worker.run(ThreadPoolExecutor.java:624)
	at java.lang.Thread.run(Thread.java:748)

[2017-12-22 15:14:38.291][debug][command:null][tid:508][com.martiansoftware.nailgun.NGInputStream] Nailgun client read shutting down
[2017-12-22 15:14:38.291][info ][command:null][tid:481][com.martiansoftware.nailgun.NGSession] NGSession shutting down
[2017-12-22 15:14:38.335][debug][command:null][tid:507][com.martiansoftware.nailgun.NGSession] Client connected
[2017-12-22 15:14:38.336][debug][command:null][tid:510][com.martiansoftware.nailgun.NGSession] Waiting for first client to connect
[2017-12-22 15:14:38.338][debug][command:null][tid:507][com.martiansoftware.nailgun.NGSession] Tearing down client socket
[2017-12-22 15:14:38.338][debug][command:null][tid:507][com.martiansoftware.nailgun.NGSession] Flushing client socket
[2017-12-22 15:14:38.338][debug][command:null][tid:507][com.martiansoftware.nailgun.NGSession] Closing client socket
[2017-12-22 15:14:38.338][warn ][command:null][tid:511][com.martiansoftware.nailgun.NGInputStream] Nailgun client read future was interrupted
java.lang.InterruptedException
	at java.util.concurrent.FutureTask.awaitDone(FutureTask.java:404)
	at java.util.concurrent.FutureTask.get(FutureTask.java:204)
	at com.martiansoftware.nailgun.NGInputStream$1.run(NGInputStream.java:91)
	at java.util.concurrent.Executors$RunnableAdapter.call(Executors.java:511)
	at java.util.concurrent.FutureTask.run(FutureTask.java:266)
	at java.util.concurrent.ThreadPoolExecutor.runWorker(ThreadPoolExecutor.java:1149)
	at java.util.concurrent.ThreadPoolExecutor$Worker.run(ThreadPoolExecutor.java:624)
	at java.lang.Thread.run(Thread.java:748)

[2017-12-22 15:14:38.339][debug][command:null][tid:511][com.martiansoftware.nailgun.NGInputStream] Nailgun client read shutting down
[2017-12-22 15:14:38.339][debug][command:null][tid:507][com.martiansoftware.nailgun.NGSession] Finished tearing down client socket
[2017-12-22 15:14:38.339][debug][command:null][tid:507][com.martiansoftware.nailgun.NGSession] Waiting for next client to connect
[2017-12-22 15:14:38.339][info ][command:null][tid:507][com.martiansoftware.nailgun.NGSession] NGSession shutting down
[2017-12-22 15:14:38.341][debug][command:null][tid:510][com.martiansoftware.nailgun.NGSession] Client connected
[2017-12-22 15:14:38.348][debug][command:null][tid:515][com.martiansoftware.nailgun.NGSession] Waiting for first client to connect
[2017-12-22 15:14:38.354][debug][command:null][tid:510][com.facebook.buck.cli.Main] Rotating log.
