[2017-12-22 15:19:28.444][debug][command:null][tid:01][com.sun.jna.Platform] null
java.io.FileNotFoundException: /proc/self/exe (No such file or directory)
	at java.io.RandomAccessFile.open0(Native Method)
	at java.io.RandomAccessFile.open(RandomAccessFile.java:316)
	at java.io.RandomAccessFile.<init>(RandomAccessFile.java:243)
	at java.io.RandomAccessFile.<init>(RandomAccessFile.java:124)
	at com.sun.jna.ELFAnalyser.runDetection(ELFAnalyser.java:109)
	at com.sun.jna.ELFAnalyser.analyse(ELFAnalyser.java:36)
	at com.sun.jna.Platform.isSoftFloat(Platform.java:259)
	at com.sun.jna.Platform.<clinit>(Platform.java:133)
	at com.sun.jna.Native.loadNativeDispatchLibraryFromClasspath(Native.java:936)
	at com.sun.jna.Native.loadNativeDispatchLibrary(Native.java:922)
	at com.sun.jna.Native.<clinit>(Native.java:190)
	at com.sun.jna.Pointer.<clinit>(Pointer.java:54)
	at com.facebook.buck.cli.Main.<clinit>(Main.java:224)
	at com.facebook.buck.cli.Main$DaemonBootstrap.main(Main.java:1735)
	at sun.reflect.NativeMethodAccessorImpl.invoke0(Native Method)
	at sun.reflect.NativeMethodAccessorImpl.invoke(NativeMethodAccessorImpl.java:62)
	at sun.reflect.DelegatingMethodAccessorImpl.invoke(DelegatingMethodAccessorImpl.java:43)
	at java.lang.reflect.Method.invoke(Method.java:498)
	at com.facebook.buck.cli.bootstrapper.ClassLoaderBootstrapper.main(ClassLoaderBootstrapper.java:55)

[2017-12-22 15:19:28.643][debug][command:null][tid:01][com.sun.jna.Platform] null
java.io.FileNotFoundException: /proc/self/exe (No such file or directory)
	at java.io.RandomAccessFile.open0(Native Method)
	at java.io.RandomAccessFile.open(RandomAccessFile.java:316)
	at java.io.RandomAccessFile.<init>(RandomAccessFile.java:243)
	at java.io.RandomAccessFile.<init>(RandomAccessFile.java:124)
	at com.sun.jna.ELFAnalyser.runDetection(ELFAnalyser.java:109)
	at com.sun.jna.ELFAnalyser.analyse(ELFAnalyser.java:36)
	at com.sun.jna.Platform.isSoftFloat(Platform.java:259)
	at com.sun.jna.Platform.getNativeLibraryResourcePrefix(Platform.java:287)
	at com.sun.jna.Platform.getNativeLibraryResourcePrefix(Platform.java:276)
	at com.sun.jna.Platform.<clinit>(Platform.java:134)
	at com.sun.jna.Native.loadNativeDispatchLibraryFromClasspath(Native.java:936)
	at com.sun.jna.Native.loadNativeDispatchLibrary(Native.java:922)
	at com.sun.jna.Native.<clinit>(Native.java:190)
	at com.sun.jna.Pointer.<clinit>(Pointer.java:54)
	at com.facebook.buck.cli.Main.<clinit>(Main.java:224)
	at com.facebook.buck.cli.Main$DaemonBootstrap.main(Main.java:1735)
	at sun.reflect.NativeMethodAccessorImpl.invoke0(Native Method)
	at sun.reflect.NativeMethodAccessorImpl.invoke(NativeMethodAccessorImpl.java:62)
	at sun.reflect.DelegatingMethodAccessorImpl.invoke(DelegatingMethodAccessorImpl.java:43)
	at java.lang.reflect.Method.invoke(Method.java:498)
	at com.facebook.buck.cli.bootstrapper.ClassLoaderBootstrapper.main(ClassLoaderBootstrapper.java:55)

[2017-12-22 15:19:28.773][info ][command:null][tid:01][com.facebook.buck.cli.HangMonitor] HangMonitorAutoStart
[2017-12-22 15:19:28.927][debug][command:null][tid:01][com.google.common.util.concurrent.ServiceManager] Starting HangMonitor [STARTING].
[2017-12-22 15:19:28.931][debug][command:null][tid:11][com.google.common.util.concurrent.ServiceManager] Started HangMonitor [RUNNING] in 23.68 ms.
[2017-12-22 15:19:28.981][info ][command:null][tid:01][com.facebook.buck.cli.Main] enabling background process killing for buckd
[2017-12-22 15:19:28.988][info ][command:null][tid:01][com.facebook.buck.cli.Main] enabled background process killing for buckd
[2017-12-22 15:19:28.990][info ][command:null][tid:01][com.facebook.buck.cli.Main] initialized bg session killer
[2017-12-22 15:19:29.075][debug][command:null][tid:13][com.martiansoftware.nailgun.NGSession] Waiting for first client to connect
[2017-12-22 15:19:29.091][debug][command:null][tid:13][com.martiansoftware.nailgun.NGSession] Client connected
[2017-12-22 15:19:29.092][debug][command:null][tid:14][com.martiansoftware.nailgun.NGSession] Waiting for first client to connect
[2017-12-22 15:19:29.101][debug][command:null][tid:13][com.martiansoftware.nailgun.NGSession] Tearing down client socket
[2017-12-22 15:19:29.102][debug][command:null][tid:13][com.martiansoftware.nailgun.NGSession] Flushing client socket
[2017-12-22 15:19:29.102][debug][command:null][tid:13][com.martiansoftware.nailgun.NGSession] Closing client socket
[2017-12-22 15:19:29.102][warn ][command:null][tid:15][com.martiansoftware.nailgun.NGInputStream] Nailgun client read future was interrupted
java.lang.InterruptedException
	at java.util.concurrent.FutureTask.awaitDone(FutureTask.java:404)
	at java.util.concurrent.FutureTask.get(FutureTask.java:204)
	at com.martiansoftware.nailgun.NGInputStream$1.run(NGInputStream.java:91)
	at java.util.concurrent.Executors$RunnableAdapter.call(Executors.java:511)
	at java.util.concurrent.FutureTask.run(FutureTask.java:266)
	at java.util.concurrent.ThreadPoolExecutor.runWorker(ThreadPoolExecutor.java:1149)
	at java.util.concurrent.ThreadPoolExecutor$Worker.run(ThreadPoolExecutor.java:624)
	at java.lang.Thread.run(Thread.java:748)

[2017-12-22 15:19:29.103][debug][command:null][tid:15][com.martiansoftware.nailgun.NGInputStream] Nailgun client read shutting down
[2017-12-22 15:19:29.102][debug][command:null][tid:13][com.martiansoftware.nailgun.NGSession] Finished tearing down client socket
[2017-12-22 15:19:29.103][debug][command:null][tid:13][com.martiansoftware.nailgun.NGSession] Waiting for next client to connect
[2017-12-22 15:19:29.104][info ][command:null][tid:13][com.martiansoftware.nailgun.NGSession] NGSession shutting down
[2017-12-22 15:19:29.108][debug][command:null][tid:14][com.martiansoftware.nailgun.NGSession] Client connected
[2017-12-22 15:19:29.111][debug][command:null][tid:17][com.martiansoftware.nailgun.NGSession] Waiting for first client to connect
[2017-12-22 15:19:29.362][debug][command:null][tid:14][com.facebook.buck.cli.Main] Rotating log.
